Calling target program-options parser
[17:20:44.959] [bmv2] [D] [thread 7440] Set default default entry for table 'MyIngress.ipv4_lpm': NoAction - 
[17:20:44.959] [bmv2] [D] [thread 7440] Set default default entry for table 'MyIngress.debug_pmu_header': NoAction - 
[17:20:44.959] [bmv2] [D] [thread 7440] Set default default entry for table 'tbl_update_register': MyIngress.update_register - 
[17:20:44.959] [bmv2] [D] [thread 7440] Set default default entry for table 'tbl_test': MyIngress.test - 
[17:20:44.959] [bmv2] [D] [thread 7440] Set default default entry for table 'MyIngress.cos_value_va.cos_base_degree': NoAction - 
[17:20:44.959] [bmv2] [D] [thread 7440] Entry 0 added to table 'MyIngress.cos_value_va.cos_base_degree'
[17:20:44.959] [bmv2] [D] [thread 7440] Dumping entry 0
Match key:
* degree              : EXACT     00000059
Action entry: MyIngress.cos_value_va.set_cos_test - 

[17:20:44.959] [bmv2] [D] [thread 7440] Entry 1 added to table 'MyIngress.cos_value_va.cos_base_degree'
[17:20:44.959] [bmv2] [D] [thread 7440] Dumping entry 1
Match key:
* degree              : EXACT     000000ae
Action entry: MyIngress.cos_value_va.set_cos_result - ffffffa7,

[17:20:44.959] [bmv2] [D] [thread 7440] Entry 2 added to table 'MyIngress.cos_value_va.cos_base_degree'
[17:20:44.959] [bmv2] [D] [thread 7440] Dumping entry 2
Match key:
* degree              : EXACT     00000001
Action entry: MyIngress.cos_value_va.set_cos_result - 59,

[17:20:44.959] [bmv2] [D] [thread 7440] Entry 3 added to table 'MyIngress.cos_value_va.cos_base_degree'
[17:20:44.959] [bmv2] [D] [thread 7440] Dumping entry 3
Match key:
* degree              : EXACT     000021d4
Action entry: MyIngress.cos_value_va.set_cos_result - 96,

[17:20:44.959] [bmv2] [D] [thread 7440] Entry 4 added to table 'MyIngress.cos_value_va.cos_base_degree'
[17:20:44.959] [bmv2] [D] [thread 7440] Dumping entry 4
Match key:
* degree              : EXACT     000021d5
Action entry: MyIngress.cos_value_va.set_cos_result - 1e,

[17:20:44.959] [bmv2] [D] [thread 7440] Entry 5 added to table 'MyIngress.cos_value_va.cos_base_degree'
[17:20:44.959] [bmv2] [D] [thread 7440] Dumping entry 5
Match key:
* degree              : EXACT     0000222e
Action entry: MyIngress.cos_value_va.set_cos_result - 20,

[17:20:44.959] [bmv2] [D] [thread 7440] Set default default entry for table 'MyIngress.sin_value_va.sin_base_degree': NoAction - 
[17:20:44.959] [bmv2] [D] [thread 7440] Entry 0 added to table 'MyIngress.sin_value_va.sin_base_degree'
[17:20:44.959] [bmv2] [D] [thread 7440] Dumping entry 0
Match key:
* degree              : EXACT     00000059
Action entry: MyIngress.sin_value_va.set_sin_result - 3c,

[17:20:44.959] [bmv2] [D] [thread 7440] Entry 1 added to table 'MyIngress.sin_value_va.sin_base_degree'
[17:20:44.959] [bmv2] [D] [thread 7440] Dumping entry 1
Match key:
* degree              : EXACT     0000270e
Action entry: MyIngress.sin_value_va.set_sin_result - ffffffa7,

[17:20:44.959] [bmv2] [D] [thread 7440] Entry 2 added to table 'MyIngress.sin_value_va.sin_base_degree'
[17:20:44.959] [bmv2] [D] [thread 7440] Dumping entry 2
Match key:
* degree              : EXACT     00001389
Action entry: MyIngress.sin_value_va.set_sin_result - 96,

[17:20:44.959] [bmv2] [D] [thread 7440] Entry 3 added to table 'MyIngress.sin_value_va.sin_base_degree'
[17:20:44.959] [bmv2] [D] [thread 7440] Dumping entry 3
Match key:
* degree              : EXACT     00001388
Action entry: MyIngress.sin_value_va.set_sin_result - 1e,

[17:20:44.959] [bmv2] [D] [thread 7440] Set default default entry for table 'tbl_basic486': basic486 - 
[17:20:44.959] [bmv2] [D] [thread 7440] Set default default entry for table 'MyIngress.cos_value_vb.cos_base_degree': NoAction - 
[17:20:44.959] [bmv2] [D] [thread 7440] Entry 0 added to table 'MyIngress.cos_value_vb.cos_base_degree'
[17:20:44.959] [bmv2] [D] [thread 7440] Dumping entry 0
Match key:
* degree              : EXACT     00000059
Action entry: MyIngress.cos_value_vb.set_cos_test - 

[17:20:44.959] [bmv2] [D] [thread 7440] Entry 1 added to table 'MyIngress.cos_value_vb.cos_base_degree'
[17:20:44.959] [bmv2] [D] [thread 7440] Dumping entry 1
Match key:
* degree              : EXACT     000000ae
Action entry: MyIngress.cos_value_vb.set_cos_result - ffffffa7,

[17:20:44.959] [bmv2] [D] [thread 7440] Entry 2 added to table 'MyIngress.cos_value_vb.cos_base_degree'
[17:20:44.959] [bmv2] [D] [thread 7440] Dumping entry 2
Match key:
* degree              : EXACT     00000001
Action entry: MyIngress.cos_value_vb.set_cos_result - 59,

[17:20:44.959] [bmv2] [D] [thread 7440] Entry 3 added to table 'MyIngress.cos_value_vb.cos_base_degree'
[17:20:44.959] [bmv2] [D] [thread 7440] Dumping entry 3
Match key:
* degree              : EXACT     000021d4
Action entry: MyIngress.cos_value_vb.set_cos_result - 96,

[17:20:44.959] [bmv2] [D] [thread 7440] Entry 4 added to table 'MyIngress.cos_value_vb.cos_base_degree'
[17:20:44.959] [bmv2] [D] [thread 7440] Dumping entry 4
Match key:
* degree              : EXACT     000021d5
Action entry: MyIngress.cos_value_vb.set_cos_result - 1e,

[17:20:44.959] [bmv2] [D] [thread 7440] Entry 5 added to table 'MyIngress.cos_value_vb.cos_base_degree'
[17:20:44.959] [bmv2] [D] [thread 7440] Dumping entry 5
Match key:
* degree              : EXACT     0000222e
Action entry: MyIngress.cos_value_vb.set_cos_result - 20,

[17:20:44.959] [bmv2] [D] [thread 7440] Set default default entry for table 'MyIngress.sin_value_vb.sin_base_degree': NoAction - 
[17:20:44.959] [bmv2] [D] [thread 7440] Entry 0 added to table 'MyIngress.sin_value_vb.sin_base_degree'
[17:20:44.959] [bmv2] [D] [thread 7440] Dumping entry 0
Match key:
* degree              : EXACT     00000059
Action entry: MyIngress.sin_value_vb.set_sin_result - 3c,

[17:20:44.959] [bmv2] [D] [thread 7440] Entry 1 added to table 'MyIngress.sin_value_vb.sin_base_degree'
[17:20:44.959] [bmv2] [D] [thread 7440] Dumping entry 1
Match key:
* degree              : EXACT     0000270e
Action entry: MyIngress.sin_value_vb.set_sin_result - ffffffa7,

[17:20:44.959] [bmv2] [D] [thread 7440] Entry 2 added to table 'MyIngress.sin_value_vb.sin_base_degree'
[17:20:44.959] [bmv2] [D] [thread 7440] Dumping entry 2
Match key:
* degree              : EXACT     00001389
Action entry: MyIngress.sin_value_vb.set_sin_result - 96,

[17:20:44.959] [bmv2] [D] [thread 7440] Entry 3 added to table 'MyIngress.sin_value_vb.sin_base_degree'
[17:20:44.959] [bmv2] [D] [thread 7440] Dumping entry 3
Match key:
* degree              : EXACT     00001388
Action entry: MyIngress.sin_value_vb.set_sin_result - 1e,

[17:20:44.959] [bmv2] [D] [thread 7440] Set default default entry for table 'MyIngress.cos_value_vc.cos_base_degree': NoAction - 
[17:20:44.959] [bmv2] [D] [thread 7440] Entry 0 added to table 'MyIngress.cos_value_vc.cos_base_degree'
[17:20:44.959] [bmv2] [D] [thread 7440] Dumping entry 0
Match key:
* degree              : EXACT     00000059
Action entry: MyIngress.cos_value_vc.set_cos_test - 

[17:20:44.959] [bmv2] [D] [thread 7440] Entry 1 added to table 'MyIngress.cos_value_vc.cos_base_degree'
[17:20:44.959] [bmv2] [D] [thread 7440] Dumping entry 1
Match key:
* degree              : EXACT     000000ae
Action entry: MyIngress.cos_value_vc.set_cos_result - ffffffa7,

[17:20:44.959] [bmv2] [D] [thread 7440] Entry 2 added to table 'MyIngress.cos_value_vc.cos_base_degree'
[17:20:44.959] [bmv2] [D] [thread 7440] Dumping entry 2
Match key:
* degree              : EXACT     00000001
Action entry: MyIngress.cos_value_vc.set_cos_result - 59,

[17:20:44.959] [bmv2] [D] [thread 7440] Entry 3 added to table 'MyIngress.cos_value_vc.cos_base_degree'
[17:20:44.959] [bmv2] [D] [thread 7440] Dumping entry 3
Match key:
* degree              : EXACT     000021d4
Action entry: MyIngress.cos_value_vc.set_cos_result - 96,

[17:20:44.959] [bmv2] [D] [thread 7440] Entry 4 added to table 'MyIngress.cos_value_vc.cos_base_degree'
[17:20:44.959] [bmv2] [D] [thread 7440] Dumping entry 4
Match key:
* degree              : EXACT     000021d5
Action entry: MyIngress.cos_value_vc.set_cos_result - 1e,

[17:20:44.959] [bmv2] [D] [thread 7440] Entry 5 added to table 'MyIngress.cos_value_vc.cos_base_degree'
[17:20:44.959] [bmv2] [D] [thread 7440] Dumping entry 5
Match key:
* degree              : EXACT     0000222e
Action entry: MyIngress.cos_value_vc.set_cos_result - 20,

[17:20:44.959] [bmv2] [D] [thread 7440] Set default default entry for table 'MyIngress.sin_value_vc.sin_base_degree': NoAction - 
[17:20:44.959] [bmv2] [D] [thread 7440] Entry 0 added to table 'MyIngress.sin_value_vc.sin_base_degree'
[17:20:44.959] [bmv2] [D] [thread 7440] Dumping entry 0
Match key:
* degree              : EXACT     00000059
Action entry: MyIngress.sin_value_vc.set_sin_result - 3c,

[17:20:44.959] [bmv2] [D] [thread 7440] Entry 1 added to table 'MyIngress.sin_value_vc.sin_base_degree'
[17:20:44.959] [bmv2] [D] [thread 7440] Dumping entry 1
Match key:
* degree              : EXACT     0000270e
Action entry: MyIngress.sin_value_vc.set_sin_result - ffffffa7,

[17:20:44.959] [bmv2] [D] [thread 7440] Entry 2 added to table 'MyIngress.sin_value_vc.sin_base_degree'
[17:20:44.959] [bmv2] [D] [thread 7440] Dumping entry 2
Match key:
* degree              : EXACT     00001389
Action entry: MyIngress.sin_value_vc.set_sin_result - 96,

[17:20:44.959] [bmv2] [D] [thread 7440] Entry 3 added to table 'MyIngress.sin_value_vc.sin_base_degree'
[17:20:44.959] [bmv2] [D] [thread 7440] Dumping entry 3
Match key:
* degree              : EXACT     00001388
Action entry: MyIngress.sin_value_vc.set_sin_result - 1e,

[17:20:44.959] [bmv2] [D] [thread 7440] Set default default entry for table 'tbl_calculate_complex_voltage': MyIngress.calculate_complex_voltage - 
[17:20:44.959] [bmv2] [D] [thread 7440] Set default default entry for table 'tbl_basic497': basic497 - 
[17:20:44.959] [bmv2] [D] [thread 7440] Set default default entry for table 'tbl_calculate_complex_voltage_0': MyIngress.calculate_complex_voltage - 
[17:20:44.959] [bmv2] [D] [thread 7440] Set default default entry for table 'tbl_calculate_complex_voltage_1': MyIngress.calculate_complex_voltage - 
[17:20:44.960] [bmv2] [D] [thread 7440] Set default default entry for table 'tbl_jpt_algo': MyIngress.jpt_algo - 
[17:20:44.960] [bmv2] [D] [thread 7440] Set default default entry for table 'tbl_jpt_algo_0': MyIngress.jpt_algo - 
Adding interface s2-eth1 as port 1
[17:20:44.961] [bmv2] [D] [thread 7440] Adding interface s2-eth1 as port 1
Adding interface s2-eth2 as port 2
[17:20:44.987] [bmv2] [D] [thread 7440] Adding interface s2-eth2 as port 2
Adding interface s2-eth3 as port 3
[17:20:45.029] [bmv2] [D] [thread 7440] Adding interface s2-eth3 as port 3
Adding interface s2-eth4 as port 4
[17:20:45.067] [bmv2] [D] [thread 7440] Adding interface s2-eth4 as port 4
Server listening on 0.0.0.0:50052
[17:20:45.104] [bmv2] [I] [thread 7440] Starting Thrift server on port 9091
[17:20:45.104] [bmv2] [I] [thread 7440] Thrift server was started
[17:20:45.105] [bmv2] [D] [thread 7450] [0.0] [cxt 0] Processing packet received on port 3
[17:20:45.105] [bmv2] [D] [thread 7450] [0.0] [cxt 0] Parser 'parser': start
[17:20:45.105] [bmv2] [D] [thread 7450] [0.0] [cxt 0] Parser 'parser' entering state 'start'
[17:20:45.105] [bmv2] [D] [thread 7450] [0.0] [cxt 0] Extracting header 'ethernet'
[17:20:45.105] [bmv2] [D] [thread 7450] [0.0] [cxt 0] Parser state 'start': key is 86dd
[17:20:45.105] [bmv2] [T] [thread 7450] [0.0] [cxt 0] Bytes parsed: 14
[17:20:45.105] [bmv2] [D] [thread 7450] [0.0] [cxt 0] Parser 'parser': end
[17:20:45.105] [bmv2] [D] [thread 7450] [0.0] [cxt 0] Pipeline 'ingress': start
[17:20:45.105] [bmv2] [T] [thread 7450] [0.0] [cxt 0] basic.p4(476) Condition "hdr.ipv4.isValid()" (node_2) is false
[17:20:45.105] [bmv2] [D] [thread 7450] [0.0] [cxt 0] Pipeline 'ingress': end
[17:20:45.105] [bmv2] [D] [thread 7450] [0.0] [cxt 0] Egress port is 0
[17:20:45.105] [bmv2] [D] [thread 7451] [0.0] [cxt 0] Pipeline 'egress': start
[17:20:45.105] [bmv2] [D] [thread 7451] [0.0] [cxt 0] Pipeline 'egress': end
[17:20:45.105] [bmv2] [D] [thread 7451] [0.0] [cxt 0] Deparser 'deparser': start
[17:20:45.105] [bmv2] [T] [thread 7451] [0.0] [cxt 0] Skipping checksum 'cksum' update because condition not met
[17:20:45.105] [bmv2] [D] [thread 7451] [0.0] [cxt 0] Deparsing header 'ethernet'
[17:20:45.105] [bmv2] [D] [thread 7451] [0.0] [cxt 0] Deparser 'deparser': end
[17:20:45.105] [bmv2] [D] [thread 7455] [0.0] [cxt 0] Transmitting packet of size 90 out of port 0
[17:20:45.220] [bmv2] [D] [thread 7450] [1.0] [cxt 0] Processing packet received on port 2
[17:20:45.220] [bmv2] [D] [thread 7450] [1.0] [cxt 0] Parser 'parser': start
[17:20:45.220] [bmv2] [D] [thread 7450] [1.0] [cxt 0] Parser 'parser' entering state 'start'
[17:20:45.220] [bmv2] [D] [thread 7450] [1.0] [cxt 0] Extracting header 'ethernet'
[17:20:45.220] [bmv2] [D] [thread 7450] [1.0] [cxt 0] Parser state 'start': key is 86dd
[17:20:45.220] [bmv2] [T] [thread 7450] [1.0] [cxt 0] Bytes parsed: 14
[17:20:45.220] [bmv2] [D] [thread 7450] [1.0] [cxt 0] Parser 'parser': end
[17:20:45.220] [bmv2] [D] [thread 7450] [1.0] [cxt 0] Pipeline 'ingress': start
[17:20:45.220] [bmv2] [T] [thread 7450] [1.0] [cxt 0] basic.p4(476) Condition "hdr.ipv4.isValid()" (node_2) is false
[17:20:45.220] [bmv2] [D] [thread 7450] [1.0] [cxt 0] Pipeline 'ingress': end
[17:20:45.220] [bmv2] [D] [thread 7450] [1.0] [cxt 0] Egress port is 0
[17:20:45.220] [bmv2] [D] [thread 7451] [1.0] [cxt 0] Pipeline 'egress': start
[17:20:45.220] [bmv2] [D] [thread 7451] [1.0] [cxt 0] Pipeline 'egress': end
[17:20:45.220] [bmv2] [D] [thread 7451] [1.0] [cxt 0] Deparser 'deparser': start
[17:20:45.220] [bmv2] [T] [thread 7451] [1.0] [cxt 0] Skipping checksum 'cksum' update because condition not met
[17:20:45.220] [bmv2] [D] [thread 7451] [1.0] [cxt 0] Deparsing header 'ethernet'
[17:20:45.220] [bmv2] [D] [thread 7451] [1.0] [cxt 0] Deparser 'deparser': end
[17:20:45.220] [bmv2] [D] [thread 7455] [1.0] [cxt 0] Transmitting packet of size 90 out of port 0
[17:20:45.255] [bmv2] [D] [thread 7450] [2.0] [cxt 0] Processing packet received on port 3
[17:20:45.255] [bmv2] [D] [thread 7450] [2.0] [cxt 0] Parser 'parser': start
[17:20:45.255] [bmv2] [D] [thread 7450] [2.0] [cxt 0] Parser 'parser' entering state 'start'
[17:20:45.255] [bmv2] [D] [thread 7450] [2.0] [cxt 0] Extracting header 'ethernet'
[17:20:45.255] [bmv2] [D] [thread 7450] [2.0] [cxt 0] Parser state 'start': key is 86dd
[17:20:45.255] [bmv2] [T] [thread 7450] [2.0] [cxt 0] Bytes parsed: 14
[17:20:45.255] [bmv2] [D] [thread 7450] [2.0] [cxt 0] Parser 'parser': end
[17:20:45.255] [bmv2] [D] [thread 7450] [2.0] [cxt 0] Pipeline 'ingress': start
[17:20:45.255] [bmv2] [T] [thread 7450] [2.0] [cxt 0] basic.p4(476) Condition "hdr.ipv4.isValid()" (node_2) is false
[17:20:45.255] [bmv2] [D] [thread 7450] [2.0] [cxt 0] Pipeline 'ingress': end
[17:20:45.255] [bmv2] [D] [thread 7450] [2.0] [cxt 0] Egress port is 0
[17:20:45.255] [bmv2] [D] [thread 7450] [3.0] [cxt 0] Processing packet received on port 3
[17:20:45.255] [bmv2] [D] [thread 7450] [3.0] [cxt 0] Parser 'parser': start
[17:20:45.255] [bmv2] [D] [thread 7450] [3.0] [cxt 0] Parser 'parser' entering state 'start'
[17:20:45.255] [bmv2] [D] [thread 7450] [3.0] [cxt 0] Extracting header 'ethernet'
[17:20:45.255] [bmv2] [D] [thread 7450] [3.0] [cxt 0] Parser state 'start': key is 86dd
[17:20:45.255] [bmv2] [T] [thread 7450] [3.0] [cxt 0] Bytes parsed: 14
[17:20:45.255] [bmv2] [D] [thread 7450] [3.0] [cxt 0] Parser 'parser': end
[17:20:45.255] [bmv2] [D] [thread 7450] [3.0] [cxt 0] Pipeline 'ingress': start
[17:20:45.255] [bmv2] [T] [thread 7450] [3.0] [cxt 0] basic.p4(476) Condition "hdr.ipv4.isValid()" (node_2) is false
[17:20:45.255] [bmv2] [D] [thread 7450] [3.0] [cxt 0] Pipeline 'ingress': end
[17:20:45.255] [bmv2] [D] [thread 7450] [3.0] [cxt 0] Egress port is 0
[17:20:45.255] [bmv2] [D] [thread 7451] [2.0] [cxt 0] Pipeline 'egress': start
[17:20:45.255] [bmv2] [D] [thread 7451] [2.0] [cxt 0] Pipeline 'egress': end
[17:20:45.255] [bmv2] [D] [thread 7451] [2.0] [cxt 0] Deparser 'deparser': start
[17:20:45.255] [bmv2] [T] [thread 7451] [2.0] [cxt 0] Skipping checksum 'cksum' update because condition not met
[17:20:45.255] [bmv2] [D] [thread 7451] [2.0] [cxt 0] Deparsing header 'ethernet'
[17:20:45.255] [bmv2] [D] [thread 7451] [2.0] [cxt 0] Deparser 'deparser': end
[17:20:45.255] [bmv2] [D] [thread 7455] [2.0] [cxt 0] Transmitting packet of size 90 out of port 0
[17:20:45.255] [bmv2] [D] [thread 7451] [3.0] [cxt 0] Pipeline 'egress': start
[17:20:45.255] [bmv2] [D] [thread 7451] [3.0] [cxt 0] Pipeline 'egress': end
[17:20:45.255] [bmv2] [D] [thread 7451] [3.0] [cxt 0] Deparser 'deparser': start
[17:20:45.255] [bmv2] [T] [thread 7451] [3.0] [cxt 0] Skipping checksum 'cksum' update because condition not met
[17:20:45.255] [bmv2] [D] [thread 7451] [3.0] [cxt 0] Deparsing header 'ethernet'
[17:20:45.255] [bmv2] [D] [thread 7451] [3.0] [cxt 0] Deparser 'deparser': end
[17:20:45.255] [bmv2] [D] [thread 7455] [3.0] [cxt 0] Transmitting packet of size 70 out of port 0
[17:20:45.288] [bmv2] [D] [thread 7450] [4.0] [cxt 0] Processing packet received on port 1
[17:20:45.288] [bmv2] [D] [thread 7450] [4.0] [cxt 0] Parser 'parser': start
[17:20:45.288] [bmv2] [D] [thread 7450] [4.0] [cxt 0] Parser 'parser' entering state 'start'
[17:20:45.288] [bmv2] [D] [thread 7450] [4.0] [cxt 0] Extracting header 'ethernet'
[17:20:45.288] [bmv2] [D] [thread 7450] [4.0] [cxt 0] Parser state 'start': key is 86dd
[17:20:45.288] [bmv2] [T] [thread 7450] [4.0] [cxt 0] Bytes parsed: 14
[17:20:45.288] [bmv2] [D] [thread 7450] [4.0] [cxt 0] Parser 'parser': end
[17:20:45.288] [bmv2] [D] [thread 7450] [4.0] [cxt 0] Pipeline 'ingress': start
[17:20:45.288] [bmv2] [T] [thread 7450] [4.0] [cxt 0] basic.p4(476) Condition "hdr.ipv4.isValid()" (node_2) is false
[17:20:45.288] [bmv2] [D] [thread 7450] [4.0] [cxt 0] Pipeline 'ingress': end
[17:20:45.288] [bmv2] [D] [thread 7450] [4.0] [cxt 0] Egress port is 0
[17:20:45.288] [bmv2] [D] [thread 7451] [4.0] [cxt 0] Pipeline 'egress': start
[17:20:45.288] [bmv2] [D] [thread 7451] [4.0] [cxt 0] Pipeline 'egress': end
[17:20:45.288] [bmv2] [D] [thread 7451] [4.0] [cxt 0] Deparser 'deparser': start
[17:20:45.288] [bmv2] [T] [thread 7451] [4.0] [cxt 0] Skipping checksum 'cksum' update because condition not met
[17:20:45.288] [bmv2] [D] [thread 7451] [4.0] [cxt 0] Deparsing header 'ethernet'
[17:20:45.288] [bmv2] [D] [thread 7451] [4.0] [cxt 0] Deparser 'deparser': end
[17:20:45.288] [bmv2] [D] [thread 7455] [4.0] [cxt 0] Transmitting packet of size 90 out of port 0
[17:20:45.480] [bmv2] [D] [thread 7450] [5.0] [cxt 0] Processing packet received on port 1
[17:20:45.480] [bmv2] [D] [thread 7450] [5.0] [cxt 0] Parser 'parser': start
[17:20:45.480] [bmv2] [D] [thread 7450] [5.0] [cxt 0] Parser 'parser' entering state 'start'
[17:20:45.480] [bmv2] [D] [thread 7450] [5.0] [cxt 0] Extracting header 'ethernet'
[17:20:45.480] [bmv2] [D] [thread 7450] [5.0] [cxt 0] Parser state 'start': key is 86dd
[17:20:45.480] [bmv2] [T] [thread 7450] [5.0] [cxt 0] Bytes parsed: 14
[17:20:45.480] [bmv2] [D] [thread 7450] [5.0] [cxt 0] Parser 'parser': end
[17:20:45.480] [bmv2] [D] [thread 7450] [5.0] [cxt 0] Pipeline 'ingress': start
[17:20:45.480] [bmv2] [T] [thread 7450] [5.0] [cxt 0] basic.p4(476) Condition "hdr.ipv4.isValid()" (node_2) is false
[17:20:45.480] [bmv2] [D] [thread 7450] [5.0] [cxt 0] Pipeline 'ingress': end
[17:20:45.480] [bmv2] [D] [thread 7450] [5.0] [cxt 0] Egress port is 0
[17:20:45.480] [bmv2] [D] [thread 7450] [6.0] [cxt 0] Processing packet received on port 1
[17:20:45.480] [bmv2] [D] [thread 7450] [6.0] [cxt 0] Parser 'parser': start
[17:20:45.480] [bmv2] [D] [thread 7450] [6.0] [cxt 0] Parser 'parser' entering state 'start'
[17:20:45.480] [bmv2] [D] [thread 7450] [6.0] [cxt 0] Extracting header 'ethernet'
[17:20:45.480] [bmv2] [D] [thread 7450] [6.0] [cxt 0] Parser state 'start': key is 86dd
[17:20:45.480] [bmv2] [T] [thread 7450] [6.0] [cxt 0] Bytes parsed: 14
[17:20:45.480] [bmv2] [D] [thread 7450] [6.0] [cxt 0] Parser 'parser': end
[17:20:45.480] [bmv2] [D] [thread 7450] [6.0] [cxt 0] Pipeline 'ingress': start
[17:20:45.480] [bmv2] [T] [thread 7450] [6.0] [cxt 0] basic.p4(476) Condition "hdr.ipv4.isValid()" (node_2) is false
[17:20:45.480] [bmv2] [D] [thread 7450] [6.0] [cxt 0] Pipeline 'ingress': end
[17:20:45.480] [bmv2] [D] [thread 7450] [6.0] [cxt 0] Egress port is 0
[17:20:45.480] [bmv2] [D] [thread 7451] [5.0] [cxt 0] Pipeline 'egress': start
[17:20:45.480] [bmv2] [D] [thread 7451] [5.0] [cxt 0] Pipeline 'egress': end
[17:20:45.480] [bmv2] [D] [thread 7451] [5.0] [cxt 0] Deparser 'deparser': start
[17:20:45.480] [bmv2] [T] [thread 7451] [5.0] [cxt 0] Skipping checksum 'cksum' update because condition not met
[17:20:45.480] [bmv2] [D] [thread 7451] [5.0] [cxt 0] Deparsing header 'ethernet'
[17:20:45.480] [bmv2] [D] [thread 7451] [5.0] [cxt 0] Deparser 'deparser': end
[17:20:45.480] [bmv2] [D] [thread 7451] [6.0] [cxt 0] Pipeline 'egress': start
[17:20:45.480] [bmv2] [D] [thread 7451] [6.0] [cxt 0] Pipeline 'egress': end
[17:20:45.480] [bmv2] [D] [thread 7451] [6.0] [cxt 0] Deparser 'deparser': start
[17:20:45.480] [bmv2] [T] [thread 7451] [6.0] [cxt 0] Skipping checksum 'cksum' update because condition not met
[17:20:45.480] [bmv2] [D] [thread 7451] [6.0] [cxt 0] Deparsing header 'ethernet'
[17:20:45.480] [bmv2] [D] [thread 7451] [6.0] [cxt 0] Deparser 'deparser': end
[17:20:45.480] [bmv2] [D] [thread 7455] [5.0] [cxt 0] Transmitting packet of size 90 out of port 0
[17:20:45.480] [bmv2] [D] [thread 7455] [6.0] [cxt 0] Transmitting packet of size 70 out of port 0
[17:20:45.541] [bmv2] [D] [thread 7450] [7.0] [cxt 0] Processing packet received on port 4
[17:20:45.541] [bmv2] [D] [thread 7450] [7.0] [cxt 0] Parser 'parser': start
[17:20:45.541] [bmv2] [D] [thread 7450] [7.0] [cxt 0] Parser 'parser' entering state 'start'
[17:20:45.541] [bmv2] [D] [thread 7450] [7.0] [cxt 0] Extracting header 'ethernet'
[17:20:45.541] [bmv2] [D] [thread 7450] [7.0] [cxt 0] Parser state 'start': key is 86dd
[17:20:45.541] [bmv2] [T] [thread 7450] [7.0] [cxt 0] Bytes parsed: 14
[17:20:45.541] [bmv2] [D] [thread 7450] [7.0] [cxt 0] Parser 'parser': end
[17:20:45.541] [bmv2] [D] [thread 7450] [7.0] [cxt 0] Pipeline 'ingress': start
[17:20:45.541] [bmv2] [T] [thread 7450] [7.0] [cxt 0] basic.p4(476) Condition "hdr.ipv4.isValid()" (node_2) is false
[17:20:45.541] [bmv2] [D] [thread 7450] [7.0] [cxt 0] Pipeline 'ingress': end
[17:20:45.541] [bmv2] [D] [thread 7450] [7.0] [cxt 0] Egress port is 0
[17:20:45.541] [bmv2] [D] [thread 7450] [8.0] [cxt 0] Processing packet received on port 4
[17:20:45.541] [bmv2] [D] [thread 7450] [8.0] [cxt 0] Parser 'parser': start
[17:20:45.541] [bmv2] [D] [thread 7450] [8.0] [cxt 0] Parser 'parser' entering state 'start'
[17:20:45.541] [bmv2] [D] [thread 7450] [8.0] [cxt 0] Extracting header 'ethernet'
[17:20:45.541] [bmv2] [D] [thread 7450] [8.0] [cxt 0] Parser state 'start': key is 86dd
[17:20:45.541] [bmv2] [T] [thread 7450] [8.0] [cxt 0] Bytes parsed: 14
[17:20:45.541] [bmv2] [D] [thread 7450] [8.0] [cxt 0] Parser 'parser': end
[17:20:45.541] [bmv2] [D] [thread 7450] [8.0] [cxt 0] Pipeline 'ingress': start
[17:20:45.541] [bmv2] [T] [thread 7450] [8.0] [cxt 0] basic.p4(476) Condition "hdr.ipv4.isValid()" (node_2) is false
[17:20:45.541] [bmv2] [D] [thread 7450] [8.0] [cxt 0] Pipeline 'ingress': end
[17:20:45.541] [bmv2] [D] [thread 7450] [8.0] [cxt 0] Egress port is 0
[17:20:45.541] [bmv2] [D] [thread 7451] [7.0] [cxt 0] Pipeline 'egress': start
[17:20:45.541] [bmv2] [D] [thread 7451] [7.0] [cxt 0] Pipeline 'egress': end
[17:20:45.541] [bmv2] [D] [thread 7451] [7.0] [cxt 0] Deparser 'deparser': start
[17:20:45.541] [bmv2] [T] [thread 7451] [7.0] [cxt 0] Skipping checksum 'cksum' update because condition not met
[17:20:45.541] [bmv2] [D] [thread 7451] [7.0] [cxt 0] Deparsing header 'ethernet'
[17:20:45.541] [bmv2] [D] [thread 7451] [7.0] [cxt 0] Deparser 'deparser': end
[17:20:45.541] [bmv2] [D] [thread 7451] [8.0] [cxt 0] Pipeline 'egress': start
[17:20:45.541] [bmv2] [D] [thread 7451] [8.0] [cxt 0] Pipeline 'egress': end
[17:20:45.541] [bmv2] [D] [thread 7451] [8.0] [cxt 0] Deparser 'deparser': start
[17:20:45.541] [bmv2] [T] [thread 7451] [8.0] [cxt 0] Skipping checksum 'cksum' update because condition not met
[17:20:45.541] [bmv2] [D] [thread 7451] [8.0] [cxt 0] Deparsing header 'ethernet'
[17:20:45.541] [bmv2] [D] [thread 7451] [8.0] [cxt 0] Deparser 'deparser': end
[17:20:45.541] [bmv2] [D] [thread 7455] [7.0] [cxt 0] Transmitting packet of size 90 out of port 0
[17:20:45.541] [bmv2] [D] [thread 7455] [8.0] [cxt 0] Transmitting packet of size 70 out of port 0
[17:20:45.572] [bmv2] [D] [thread 7450] [9.0] [cxt 0] Processing packet received on port 4
[17:20:45.572] [bmv2] [D] [thread 7450] [9.0] [cxt 0] Parser 'parser': start
[17:20:45.572] [bmv2] [D] [thread 7450] [9.0] [cxt 0] Parser 'parser' entering state 'start'
[17:20:45.572] [bmv2] [D] [thread 7450] [9.0] [cxt 0] Extracting header 'ethernet'
[17:20:45.572] [bmv2] [D] [thread 7450] [9.0] [cxt 0] Parser state 'start': key is 86dd
[17:20:45.572] [bmv2] [T] [thread 7450] [9.0] [cxt 0] Bytes parsed: 14
[17:20:45.572] [bmv2] [D] [thread 7450] [9.0] [cxt 0] Parser 'parser': end
[17:20:45.572] [bmv2] [D] [thread 7450] [9.0] [cxt 0] Pipeline 'ingress': start
[17:20:45.572] [bmv2] [T] [thread 7450] [9.0] [cxt 0] basic.p4(476) Condition "hdr.ipv4.isValid()" (node_2) is false
[17:20:45.572] [bmv2] [D] [thread 7450] [9.0] [cxt 0] Pipeline 'ingress': end
[17:20:45.572] [bmv2] [D] [thread 7450] [9.0] [cxt 0] Egress port is 0
[17:20:45.572] [bmv2] [D] [thread 7450] [10.0] [cxt 0] Processing packet received on port 4
[17:20:45.572] [bmv2] [D] [thread 7450] [10.0] [cxt 0] Parser 'parser': start
[17:20:45.572] [bmv2] [D] [thread 7450] [10.0] [cxt 0] Parser 'parser' entering state 'start'
[17:20:45.572] [bmv2] [D] [thread 7450] [10.0] [cxt 0] Extracting header 'ethernet'
[17:20:45.572] [bmv2] [D] [thread 7450] [10.0] [cxt 0] Parser state 'start': key is 86dd
[17:20:45.572] [bmv2] [T] [thread 7450] [10.0] [cxt 0] Bytes parsed: 14
[17:20:45.572] [bmv2] [D] [thread 7450] [10.0] [cxt 0] Parser 'parser': end
[17:20:45.572] [bmv2] [D] [thread 7450] [10.0] [cxt 0] Pipeline 'ingress': start
[17:20:45.572] [bmv2] [T] [thread 7450] [10.0] [cxt 0] basic.p4(476) Condition "hdr.ipv4.isValid()" (node_2) is false
[17:20:45.572] [bmv2] [D] [thread 7450] [10.0] [cxt 0] Pipeline 'ingress': end
[17:20:45.572] [bmv2] [D] [thread 7450] [10.0] [cxt 0] Egress port is 0
[17:20:45.573] [bmv2] [D] [thread 7451] [9.0] [cxt 0] Pipeline 'egress': start
[17:20:45.573] [bmv2] [D] [thread 7451] [9.0] [cxt 0] Pipeline 'egress': end
[17:20:45.573] [bmv2] [D] [thread 7451] [9.0] [cxt 0] Deparser 'deparser': start
[17:20:45.573] [bmv2] [T] [thread 7451] [9.0] [cxt 0] Skipping checksum 'cksum' update because condition not met
[17:20:45.573] [bmv2] [D] [thread 7451] [9.0] [cxt 0] Deparsing header 'ethernet'
[17:20:45.573] [bmv2] [D] [thread 7451] [9.0] [cxt 0] Deparser 'deparser': end
[17:20:45.573] [bmv2] [D] [thread 7451] [10.0] [cxt 0] Pipeline 'egress': start
[17:20:45.573] [bmv2] [D] [thread 7451] [10.0] [cxt 0] Pipeline 'egress': end
[17:20:45.573] [bmv2] [D] [thread 7451] [10.0] [cxt 0] Deparser 'deparser': start
[17:20:45.573] [bmv2] [T] [thread 7451] [10.0] [cxt 0] Skipping checksum 'cksum' update because condition not met
[17:20:45.573] [bmv2] [D] [thread 7451] [10.0] [cxt 0] Deparsing header 'ethernet'
[17:20:45.573] [bmv2] [D] [thread 7451] [10.0] [cxt 0] Deparser 'deparser': end
[17:20:45.573] [bmv2] [D] [thread 7455] [9.0] [cxt 0] Transmitting packet of size 90 out of port 0
[17:20:45.573] [bmv2] [D] [thread 7455] [10.0] [cxt 0] Transmitting packet of size 70 out of port 0
[17:20:45.636] [bmv2] [D] [thread 7450] [11.0] [cxt 0] Processing packet received on port 3
[17:20:45.636] [bmv2] [D] [thread 7450] [11.0] [cxt 0] Parser 'parser': start
[17:20:45.636] [bmv2] [D] [thread 7450] [11.0] [cxt 0] Parser 'parser' entering state 'start'
[17:20:45.636] [bmv2] [D] [thread 7450] [11.0] [cxt 0] Extracting header 'ethernet'
[17:20:45.636] [bmv2] [D] [thread 7450] [11.0] [cxt 0] Parser state 'start': key is 86dd
[17:20:45.636] [bmv2] [T] [thread 7450] [11.0] [cxt 0] Bytes parsed: 14
[17:20:45.636] [bmv2] [D] [thread 7450] [11.0] [cxt 0] Parser 'parser': end
[17:20:45.636] [bmv2] [D] [thread 7450] [11.0] [cxt 0] Pipeline 'ingress': start
[17:20:45.636] [bmv2] [T] [thread 7450] [11.0] [cxt 0] basic.p4(476) Condition "hdr.ipv4.isValid()" (node_2) is false
[17:20:45.636] [bmv2] [D] [thread 7450] [11.0] [cxt 0] Pipeline 'ingress': end
[17:20:45.636] [bmv2] [D] [thread 7450] [11.0] [cxt 0] Egress port is 0
[17:20:45.636] [bmv2] [D] [thread 7451] [11.0] [cxt 0] Pipeline 'egress': start
[17:20:45.636] [bmv2] [D] [thread 7451] [11.0] [cxt 0] Pipeline 'egress': end
[17:20:45.636] [bmv2] [D] [thread 7451] [11.0] [cxt 0] Deparser 'deparser': start
[17:20:45.636] [bmv2] [T] [thread 7451] [11.0] [cxt 0] Skipping checksum 'cksum' update because condition not met
[17:20:45.636] [bmv2] [D] [thread 7451] [11.0] [cxt 0] Deparsing header 'ethernet'
[17:20:45.636] [bmv2] [D] [thread 7451] [11.0] [cxt 0] Deparser 'deparser': end
[17:20:45.636] [bmv2] [D] [thread 7455] [11.0] [cxt 0] Transmitting packet of size 90 out of port 0
[17:20:45.664] [bmv2] [D] [thread 7450] [12.0] [cxt 0] Processing packet received on port 4
[17:20:45.664] [bmv2] [D] [thread 7450] [12.0] [cxt 0] Parser 'parser': start
[17:20:45.664] [bmv2] [D] [thread 7450] [12.0] [cxt 0] Parser 'parser' entering state 'start'
[17:20:45.664] [bmv2] [D] [thread 7450] [12.0] [cxt 0] Extracting header 'ethernet'
[17:20:45.664] [bmv2] [D] [thread 7450] [12.0] [cxt 0] Parser state 'start': key is 86dd
[17:20:45.664] [bmv2] [T] [thread 7450] [12.0] [cxt 0] Bytes parsed: 14
[17:20:45.664] [bmv2] [D] [thread 7450] [12.0] [cxt 0] Parser 'parser': end
[17:20:45.664] [bmv2] [D] [thread 7450] [12.0] [cxt 0] Pipeline 'ingress': start
[17:20:45.664] [bmv2] [T] [thread 7450] [12.0] [cxt 0] basic.p4(476) Condition "hdr.ipv4.isValid()" (node_2) is false
[17:20:45.664] [bmv2] [D] [thread 7450] [12.0] [cxt 0] Pipeline 'ingress': end
[17:20:45.664] [bmv2] [D] [thread 7450] [12.0] [cxt 0] Egress port is 0
[17:20:45.664] [bmv2] [D] [thread 7451] [12.0] [cxt 0] Pipeline 'egress': start
[17:20:45.664] [bmv2] [D] [thread 7451] [12.0] [cxt 0] Pipeline 'egress': end
[17:20:45.664] [bmv2] [D] [thread 7451] [12.0] [cxt 0] Deparser 'deparser': start
[17:20:45.664] [bmv2] [T] [thread 7451] [12.0] [cxt 0] Skipping checksum 'cksum' update because condition not met
[17:20:45.664] [bmv2] [D] [thread 7451] [12.0] [cxt 0] Deparsing header 'ethernet'
[17:20:45.664] [bmv2] [D] [thread 7451] [12.0] [cxt 0] Deparser 'deparser': end
[17:20:45.664] [bmv2] [D] [thread 7455] [12.0] [cxt 0] Transmitting packet of size 90 out of port 0
[17:20:45.671] [bmv2] [D] [thread 7450] [13.0] [cxt 0] Processing packet received on port 2
[17:20:45.671] [bmv2] [D] [thread 7450] [13.0] [cxt 0] Parser 'parser': start
[17:20:45.671] [bmv2] [D] [thread 7450] [13.0] [cxt 0] Parser 'parser' entering state 'start'
[17:20:45.671] [bmv2] [D] [thread 7450] [13.0] [cxt 0] Extracting header 'ethernet'
[17:20:45.671] [bmv2] [D] [thread 7450] [13.0] [cxt 0] Parser state 'start': key is 86dd
[17:20:45.671] [bmv2] [T] [thread 7450] [13.0] [cxt 0] Bytes parsed: 14
[17:20:45.671] [bmv2] [D] [thread 7450] [13.0] [cxt 0] Parser 'parser': end
[17:20:45.671] [bmv2] [D] [thread 7450] [13.0] [cxt 0] Pipeline 'ingress': start
[17:20:45.671] [bmv2] [T] [thread 7450] [13.0] [cxt 0] basic.p4(476) Condition "hdr.ipv4.isValid()" (node_2) is false
[17:20:45.671] [bmv2] [D] [thread 7450] [13.0] [cxt 0] Pipeline 'ingress': end
[17:20:45.671] [bmv2] [D] [thread 7450] [13.0] [cxt 0] Egress port is 0
[17:20:45.671] [bmv2] [D] [thread 7450] [14.0] [cxt 0] Processing packet received on port 2
[17:20:45.671] [bmv2] [D] [thread 7450] [14.0] [cxt 0] Parser 'parser': start
[17:20:45.671] [bmv2] [D] [thread 7450] [14.0] [cxt 0] Parser 'parser' entering state 'start'
[17:20:45.671] [bmv2] [D] [thread 7450] [14.0] [cxt 0] Extracting header 'ethernet'
[17:20:45.671] [bmv2] [D] [thread 7450] [14.0] [cxt 0] Parser state 'start': key is 86dd
[17:20:45.671] [bmv2] [T] [thread 7450] [14.0] [cxt 0] Bytes parsed: 14
[17:20:45.671] [bmv2] [D] [thread 7450] [14.0] [cxt 0] Parser 'parser': end
[17:20:45.671] [bmv2] [D] [thread 7450] [14.0] [cxt 0] Pipeline 'ingress': start
[17:20:45.671] [bmv2] [T] [thread 7450] [14.0] [cxt 0] basic.p4(476) Condition "hdr.ipv4.isValid()" (node_2) is false
[17:20:45.671] [bmv2] [D] [thread 7450] [14.0] [cxt 0] Pipeline 'ingress': end
[17:20:45.671] [bmv2] [D] [thread 7450] [14.0] [cxt 0] Egress port is 0
[17:20:45.671] [bmv2] [D] [thread 7451] [13.0] [cxt 0] Pipeline 'egress': start
[17:20:45.671] [bmv2] [D] [thread 7451] [13.0] [cxt 0] Pipeline 'egress': end
[17:20:45.671] [bmv2] [D] [thread 7451] [13.0] [cxt 0] Deparser 'deparser': start
[17:20:45.671] [bmv2] [T] [thread 7451] [13.0] [cxt 0] Skipping checksum 'cksum' update because condition not met
[17:20:45.671] [bmv2] [D] [thread 7451] [13.0] [cxt 0] Deparsing header 'ethernet'
[17:20:45.671] [bmv2] [D] [thread 7451] [13.0] [cxt 0] Deparser 'deparser': end
[17:20:45.672] [bmv2] [D] [thread 7451] [14.0] [cxt 0] Pipeline 'egress': start
[17:20:45.672] [bmv2] [D] [thread 7451] [14.0] [cxt 0] Pipeline 'egress': end
[17:20:45.672] [bmv2] [D] [thread 7451] [14.0] [cxt 0] Deparser 'deparser': start
[17:20:45.672] [bmv2] [T] [thread 7451] [14.0] [cxt 0] Skipping checksum 'cksum' update because condition not met
[17:20:45.672] [bmv2] [D] [thread 7451] [14.0] [cxt 0] Deparsing header 'ethernet'
[17:20:45.672] [bmv2] [D] [thread 7451] [14.0] [cxt 0] Deparser 'deparser': end
[17:20:45.672] [bmv2] [D] [thread 7455] [13.0] [cxt 0] Transmitting packet of size 90 out of port 0
[17:20:45.672] [bmv2] [D] [thread 7455] [14.0] [cxt 0] Transmitting packet of size 70 out of port 0
[17:20:45.699] [bmv2] [D] [thread 7450] [15.0] [cxt 0] Processing packet received on port 3
[17:20:45.699] [bmv2] [D] [thread 7450] [15.0] [cxt 0] Parser 'parser': start
[17:20:45.699] [bmv2] [D] [thread 7450] [15.0] [cxt 0] Parser 'parser' entering state 'start'
[17:20:45.699] [bmv2] [D] [thread 7450] [15.0] [cxt 0] Extracting header 'ethernet'
[17:20:45.699] [bmv2] [D] [thread 7450] [15.0] [cxt 0] Parser state 'start': key is 86dd
[17:20:45.699] [bmv2] [T] [thread 7450] [15.0] [cxt 0] Bytes parsed: 14
[17:20:45.699] [bmv2] [D] [thread 7450] [15.0] [cxt 0] Parser 'parser': end
[17:20:45.699] [bmv2] [D] [thread 7450] [15.0] [cxt 0] Pipeline 'ingress': start
[17:20:45.700] [bmv2] [T] [thread 7450] [15.0] [cxt 0] basic.p4(476) Condition "hdr.ipv4.isValid()" (node_2) is false
[17:20:45.700] [bmv2] [D] [thread 7450] [15.0] [cxt 0] Pipeline 'ingress': end
[17:20:45.700] [bmv2] [D] [thread 7450] [15.0] [cxt 0] Egress port is 0
[17:20:45.700] [bmv2] [D] [thread 7450] [16.0] [cxt 0] Processing packet received on port 3
[17:20:45.700] [bmv2] [D] [thread 7450] [16.0] [cxt 0] Parser 'parser': start
[17:20:45.700] [bmv2] [D] [thread 7450] [16.0] [cxt 0] Parser 'parser' entering state 'start'
[17:20:45.700] [bmv2] [D] [thread 7450] [16.0] [cxt 0] Extracting header 'ethernet'
[17:20:45.700] [bmv2] [D] [thread 7450] [16.0] [cxt 0] Parser state 'start': key is 86dd
[17:20:45.700] [bmv2] [T] [thread 7450] [16.0] [cxt 0] Bytes parsed: 14
[17:20:45.700] [bmv2] [D] [thread 7450] [16.0] [cxt 0] Parser 'parser': end
[17:20:45.700] [bmv2] [D] [thread 7450] [16.0] [cxt 0] Pipeline 'ingress': start
[17:20:45.700] [bmv2] [T] [thread 7450] [16.0] [cxt 0] basic.p4(476) Condition "hdr.ipv4.isValid()" (node_2) is false
[17:20:45.700] [bmv2] [D] [thread 7450] [16.0] [cxt 0] Pipeline 'ingress': end
[17:20:45.700] [bmv2] [D] [thread 7450] [16.0] [cxt 0] Egress port is 0
[17:20:45.700] [bmv2] [D] [thread 7451] [15.0] [cxt 0] Pipeline 'egress': start
[17:20:45.700] [bmv2] [D] [thread 7451] [15.0] [cxt 0] Pipeline 'egress': end
[17:20:45.700] [bmv2] [D] [thread 7451] [15.0] [cxt 0] Deparser 'deparser': start
[17:20:45.700] [bmv2] [T] [thread 7451] [15.0] [cxt 0] Skipping checksum 'cksum' update because condition not met
[17:20:45.700] [bmv2] [D] [thread 7451] [15.0] [cxt 0] Deparsing header 'ethernet'
[17:20:45.700] [bmv2] [D] [thread 7451] [15.0] [cxt 0] Deparser 'deparser': end
[17:20:45.700] [bmv2] [D] [thread 7451] [16.0] [cxt 0] Pipeline 'egress': start
[17:20:45.700] [bmv2] [D] [thread 7451] [16.0] [cxt 0] Pipeline 'egress': end
[17:20:45.700] [bmv2] [D] [thread 7451] [16.0] [cxt 0] Deparser 'deparser': start
[17:20:45.700] [bmv2] [T] [thread 7451] [16.0] [cxt 0] Skipping checksum 'cksum' update because condition not met
[17:20:45.700] [bmv2] [D] [thread 7451] [16.0] [cxt 0] Deparsing header 'ethernet'
[17:20:45.700] [bmv2] [D] [thread 7451] [16.0] [cxt 0] Deparser 'deparser': end
[17:20:45.700] [bmv2] [D] [thread 7455] [15.0] [cxt 0] Transmitting packet of size 90 out of port 0
[17:20:45.700] [bmv2] [D] [thread 7455] [16.0] [cxt 0] Transmitting packet of size 70 out of port 0
[17:20:45.860] [bmv2] [D] [thread 7450] [17.0] [cxt 0] Processing packet received on port 1
[17:20:45.860] [bmv2] [D] [thread 7450] [17.0] [cxt 0] Parser 'parser': start
[17:20:45.860] [bmv2] [D] [thread 7450] [17.0] [cxt 0] Parser 'parser' entering state 'start'
[17:20:45.860] [bmv2] [D] [thread 7450] [17.0] [cxt 0] Extracting header 'ethernet'
[17:20:45.860] [bmv2] [D] [thread 7450] [17.0] [cxt 0] Parser state 'start': key is 86dd
[17:20:45.860] [bmv2] [T] [thread 7450] [17.0] [cxt 0] Bytes parsed: 14
[17:20:45.860] [bmv2] [D] [thread 7450] [17.0] [cxt 0] Parser 'parser': end
[17:20:45.860] [bmv2] [D] [thread 7450] [17.0] [cxt 0] Pipeline 'ingress': start
[17:20:45.860] [bmv2] [T] [thread 7450] [17.0] [cxt 0] basic.p4(476) Condition "hdr.ipv4.isValid()" (node_2) is false
[17:20:45.860] [bmv2] [D] [thread 7450] [17.0] [cxt 0] Pipeline 'ingress': end
[17:20:45.860] [bmv2] [D] [thread 7450] [17.0] [cxt 0] Egress port is 0
[17:20:45.860] [bmv2] [D] [thread 7451] [17.0] [cxt 0] Pipeline 'egress': start
[17:20:45.860] [bmv2] [D] [thread 7451] [17.0] [cxt 0] Pipeline 'egress': end
[17:20:45.860] [bmv2] [D] [thread 7451] [17.0] [cxt 0] Deparser 'deparser': start
[17:20:45.860] [bmv2] [T] [thread 7451] [17.0] [cxt 0] Skipping checksum 'cksum' update because condition not met
[17:20:45.860] [bmv2] [D] [thread 7451] [17.0] [cxt 0] Deparsing header 'ethernet'
[17:20:45.860] [bmv2] [D] [thread 7451] [17.0] [cxt 0] Deparser 'deparser': end
[17:20:45.860] [bmv2] [D] [thread 7455] [17.0] [cxt 0] Transmitting packet of size 90 out of port 0
[17:20:45.917] [bmv2] [D] [thread 7450] [18.0] [cxt 0] Processing packet received on port 2
[17:20:45.917] [bmv2] [D] [thread 7450] [18.0] [cxt 0] Parser 'parser': start
[17:20:45.917] [bmv2] [D] [thread 7450] [18.0] [cxt 0] Parser 'parser' entering state 'start'
[17:20:45.917] [bmv2] [D] [thread 7450] [18.0] [cxt 0] Extracting header 'ethernet'
[17:20:45.917] [bmv2] [D] [thread 7450] [18.0] [cxt 0] Parser state 'start': key is 86dd
[17:20:45.917] [bmv2] [T] [thread 7450] [18.0] [cxt 0] Bytes parsed: 14
[17:20:45.917] [bmv2] [D] [thread 7450] [18.0] [cxt 0] Parser 'parser': end
[17:20:45.917] [bmv2] [D] [thread 7450] [18.0] [cxt 0] Pipeline 'ingress': start
[17:20:45.917] [bmv2] [T] [thread 7450] [18.0] [cxt 0] basic.p4(476) Condition "hdr.ipv4.isValid()" (node_2) is false
[17:20:45.917] [bmv2] [D] [thread 7450] [18.0] [cxt 0] Pipeline 'ingress': end
[17:20:45.917] [bmv2] [D] [thread 7450] [18.0] [cxt 0] Egress port is 0
[17:20:45.917] [bmv2] [D] [thread 7451] [18.0] [cxt 0] Pipeline 'egress': start
[17:20:45.917] [bmv2] [D] [thread 7451] [18.0] [cxt 0] Pipeline 'egress': end
[17:20:45.917] [bmv2] [D] [thread 7451] [18.0] [cxt 0] Deparser 'deparser': start
[17:20:45.917] [bmv2] [T] [thread 7451] [18.0] [cxt 0] Skipping checksum 'cksum' update because condition not met
[17:20:45.917] [bmv2] [D] [thread 7451] [18.0] [cxt 0] Deparsing header 'ethernet'
[17:20:45.917] [bmv2] [D] [thread 7451] [18.0] [cxt 0] Deparser 'deparser': end
[17:20:45.917] [bmv2] [D] [thread 7455] [18.0] [cxt 0] Transmitting packet of size 90 out of port 0
[17:20:46.405] [bmv2] [D] [thread 7450] [19.0] [cxt 0] Processing packet received on port 4
[17:20:46.405] [bmv2] [D] [thread 7450] [19.0] [cxt 0] Parser 'parser': start
[17:20:46.405] [bmv2] [D] [thread 7450] [19.0] [cxt 0] Parser 'parser' entering state 'start'
[17:20:46.405] [bmv2] [D] [thread 7450] [19.0] [cxt 0] Extracting header 'ethernet'
[17:20:46.405] [bmv2] [D] [thread 7450] [19.0] [cxt 0] Parser state 'start': key is 86dd
[17:20:46.405] [bmv2] [T] [thread 7450] [19.0] [cxt 0] Bytes parsed: 14
[17:20:46.405] [bmv2] [D] [thread 7450] [19.0] [cxt 0] Parser 'parser': end
[17:20:46.405] [bmv2] [D] [thread 7450] [19.0] [cxt 0] Pipeline 'ingress': start
[17:20:46.405] [bmv2] [T] [thread 7450] [19.0] [cxt 0] basic.p4(476) Condition "hdr.ipv4.isValid()" (node_2) is false
[17:20:46.405] [bmv2] [D] [thread 7450] [19.0] [cxt 0] Pipeline 'ingress': end
[17:20:46.405] [bmv2] [D] [thread 7450] [19.0] [cxt 0] Egress port is 0
[17:20:46.405] [bmv2] [D] [thread 7451] [19.0] [cxt 0] Pipeline 'egress': start
[17:20:46.405] [bmv2] [D] [thread 7451] [19.0] [cxt 0] Pipeline 'egress': end
[17:20:46.405] [bmv2] [D] [thread 7451] [19.0] [cxt 0] Deparser 'deparser': start
[17:20:46.405] [bmv2] [T] [thread 7451] [19.0] [cxt 0] Skipping checksum 'cksum' update because condition not met
[17:20:46.405] [bmv2] [D] [thread 7451] [19.0] [cxt 0] Deparsing header 'ethernet'
[17:20:46.405] [bmv2] [D] [thread 7451] [19.0] [cxt 0] Deparser 'deparser': end
[17:20:46.405] [bmv2] [D] [thread 7455] [19.0] [cxt 0] Transmitting packet of size 90 out of port 0
[17:20:46.692] [bmv2] [D] [thread 7450] [20.0] [cxt 0] Processing packet received on port 3
[17:20:46.692] [bmv2] [D] [thread 7450] [20.0] [cxt 0] Parser 'parser': start
[17:20:46.692] [bmv2] [D] [thread 7450] [20.0] [cxt 0] Parser 'parser' entering state 'start'
[17:20:46.692] [bmv2] [D] [thread 7450] [20.0] [cxt 0] Extracting header 'ethernet'
[17:20:46.692] [bmv2] [D] [thread 7450] [20.0] [cxt 0] Parser state 'start': key is 86dd
[17:20:46.692] [bmv2] [T] [thread 7450] [20.0] [cxt 0] Bytes parsed: 14
[17:20:46.692] [bmv2] [D] [thread 7450] [20.0] [cxt 0] Parser 'parser': end
[17:20:46.692] [bmv2] [D] [thread 7450] [20.0] [cxt 0] Pipeline 'ingress': start
[17:20:46.692] [bmv2] [T] [thread 7450] [20.0] [cxt 0] basic.p4(476) Condition "hdr.ipv4.isValid()" (node_2) is false
[17:20:46.692] [bmv2] [D] [thread 7450] [20.0] [cxt 0] Pipeline 'ingress': end
[17:20:46.692] [bmv2] [D] [thread 7450] [20.0] [cxt 0] Egress port is 0
[17:20:46.693] [bmv2] [D] [thread 7451] [20.0] [cxt 0] Pipeline 'egress': start
[17:20:46.693] [bmv2] [D] [thread 7451] [20.0] [cxt 0] Pipeline 'egress': end
[17:20:46.693] [bmv2] [D] [thread 7451] [20.0] [cxt 0] Deparser 'deparser': start
[17:20:46.693] [bmv2] [T] [thread 7451] [20.0] [cxt 0] Skipping checksum 'cksum' update because condition not met
[17:20:46.693] [bmv2] [D] [thread 7451] [20.0] [cxt 0] Deparsing header 'ethernet'
[17:20:46.693] [bmv2] [D] [thread 7451] [20.0] [cxt 0] Deparser 'deparser': end
[17:20:46.693] [bmv2] [D] [thread 7455] [20.0] [cxt 0] Transmitting packet of size 90 out of port 0
[17:20:47.685] [bmv2] [W] [thread 7517] [P4Runtime] p4::tmp::P4DeviceConfig is deprecated
[17:20:47.700] [bmv2] [D] [thread 7517] Set default default entry for table 'MyIngress.ipv4_lpm': NoAction - 
[17:20:47.700] [bmv2] [D] [thread 7517] Set default default entry for table 'MyIngress.debug_pmu_header': NoAction - 
[17:20:47.700] [bmv2] [D] [thread 7517] Set default default entry for table 'tbl_update_register': MyIngress.update_register - 
[17:20:47.700] [bmv2] [D] [thread 7517] Set default default entry for table 'tbl_test': MyIngress.test - 
[17:20:47.700] [bmv2] [D] [thread 7517] Set default default entry for table 'MyIngress.cos_value_va.cos_base_degree': NoAction - 
[17:20:47.700] [bmv2] [D] [thread 7517] Entry 0 added to table 'MyIngress.cos_value_va.cos_base_degree'
[17:20:47.700] [bmv2] [D] [thread 7517] Dumping entry 0
Match key:
* degree              : EXACT     00000059
Action entry: MyIngress.cos_value_va.set_cos_test - 

[17:20:47.700] [bmv2] [D] [thread 7517] Entry 1 added to table 'MyIngress.cos_value_va.cos_base_degree'
[17:20:47.700] [bmv2] [D] [thread 7517] Dumping entry 1
Match key:
* degree              : EXACT     000000ae
Action entry: MyIngress.cos_value_va.set_cos_result - ffffffa7,

[17:20:47.700] [bmv2] [D] [thread 7517] Entry 2 added to table 'MyIngress.cos_value_va.cos_base_degree'
[17:20:47.700] [bmv2] [D] [thread 7517] Dumping entry 2
Match key:
* degree              : EXACT     00000001
Action entry: MyIngress.cos_value_va.set_cos_result - 59,

[17:20:47.700] [bmv2] [D] [thread 7517] Entry 3 added to table 'MyIngress.cos_value_va.cos_base_degree'
[17:20:47.700] [bmv2] [D] [thread 7517] Dumping entry 3
Match key:
* degree              : EXACT     000021d4
Action entry: MyIngress.cos_value_va.set_cos_result - 96,

[17:20:47.700] [bmv2] [D] [thread 7517] Entry 4 added to table 'MyIngress.cos_value_va.cos_base_degree'
[17:20:47.700] [bmv2] [D] [thread 7517] Dumping entry 4
Match key:
* degree              : EXACT     000021d5
Action entry: MyIngress.cos_value_va.set_cos_result - 1e,

[17:20:47.700] [bmv2] [D] [thread 7517] Entry 5 added to table 'MyIngress.cos_value_va.cos_base_degree'
[17:20:47.700] [bmv2] [D] [thread 7517] Dumping entry 5
Match key:
* degree              : EXACT     0000222e
Action entry: MyIngress.cos_value_va.set_cos_result - 20,

[17:20:47.700] [bmv2] [D] [thread 7517] Set default default entry for table 'MyIngress.sin_value_va.sin_base_degree': NoAction - 
[17:20:47.700] [bmv2] [D] [thread 7517] Entry 0 added to table 'MyIngress.sin_value_va.sin_base_degree'
[17:20:47.700] [bmv2] [D] [thread 7517] Dumping entry 0
Match key:
* degree              : EXACT     00000059
Action entry: MyIngress.sin_value_va.set_sin_result - 3c,

[17:20:47.700] [bmv2] [D] [thread 7517] Entry 1 added to table 'MyIngress.sin_value_va.sin_base_degree'
[17:20:47.700] [bmv2] [D] [thread 7517] Dumping entry 1
Match key:
* degree              : EXACT     0000270e
Action entry: MyIngress.sin_value_va.set_sin_result - ffffffa7,

[17:20:47.700] [bmv2] [D] [thread 7517] Entry 2 added to table 'MyIngress.sin_value_va.sin_base_degree'
[17:20:47.700] [bmv2] [D] [thread 7517] Dumping entry 2
Match key:
* degree              : EXACT     00001389
Action entry: MyIngress.sin_value_va.set_sin_result - 96,

[17:20:47.700] [bmv2] [D] [thread 7517] Entry 3 added to table 'MyIngress.sin_value_va.sin_base_degree'
[17:20:47.700] [bmv2] [D] [thread 7517] Dumping entry 3
Match key:
* degree              : EXACT     00001388
Action entry: MyIngress.sin_value_va.set_sin_result - 1e,

[17:20:47.700] [bmv2] [D] [thread 7517] Set default default entry for table 'tbl_basic486': basic486 - 
[17:20:47.700] [bmv2] [D] [thread 7517] Set default default entry for table 'MyIngress.cos_value_vb.cos_base_degree': NoAction - 
[17:20:47.700] [bmv2] [D] [thread 7517] Entry 0 added to table 'MyIngress.cos_value_vb.cos_base_degree'
[17:20:47.700] [bmv2] [D] [thread 7517] Dumping entry 0
Match key:
* degree              : EXACT     00000059
Action entry: MyIngress.cos_value_vb.set_cos_test - 

[17:20:47.700] [bmv2] [D] [thread 7517] Entry 1 added to table 'MyIngress.cos_value_vb.cos_base_degree'
[17:20:47.700] [bmv2] [D] [thread 7517] Dumping entry 1
Match key:
* degree              : EXACT     000000ae
Action entry: MyIngress.cos_value_vb.set_cos_result - ffffffa7,

[17:20:47.700] [bmv2] [D] [thread 7517] Entry 2 added to table 'MyIngress.cos_value_vb.cos_base_degree'
[17:20:47.700] [bmv2] [D] [thread 7517] Dumping entry 2
Match key:
* degree              : EXACT     00000001
Action entry: MyIngress.cos_value_vb.set_cos_result - 59,

[17:20:47.700] [bmv2] [D] [thread 7517] Entry 3 added to table 'MyIngress.cos_value_vb.cos_base_degree'
[17:20:47.700] [bmv2] [D] [thread 7517] Dumping entry 3
Match key:
* degree              : EXACT     000021d4
Action entry: MyIngress.cos_value_vb.set_cos_result - 96,

[17:20:47.700] [bmv2] [D] [thread 7517] Entry 4 added to table 'MyIngress.cos_value_vb.cos_base_degree'
[17:20:47.700] [bmv2] [D] [thread 7517] Dumping entry 4
Match key:
* degree              : EXACT     000021d5
Action entry: MyIngress.cos_value_vb.set_cos_result - 1e,

[17:20:47.700] [bmv2] [D] [thread 7517] Entry 5 added to table 'MyIngress.cos_value_vb.cos_base_degree'
[17:20:47.700] [bmv2] [D] [thread 7517] Dumping entry 5
Match key:
* degree              : EXACT     0000222e
Action entry: MyIngress.cos_value_vb.set_cos_result - 20,

[17:20:47.700] [bmv2] [D] [thread 7517] Set default default entry for table 'MyIngress.sin_value_vb.sin_base_degree': NoAction - 
[17:20:47.700] [bmv2] [D] [thread 7517] Entry 0 added to table 'MyIngress.sin_value_vb.sin_base_degree'
[17:20:47.700] [bmv2] [D] [thread 7517] Dumping entry 0
Match key:
* degree              : EXACT     00000059
Action entry: MyIngress.sin_value_vb.set_sin_result - 3c,

[17:20:47.700] [bmv2] [D] [thread 7517] Entry 1 added to table 'MyIngress.sin_value_vb.sin_base_degree'
[17:20:47.700] [bmv2] [D] [thread 7517] Dumping entry 1
Match key:
* degree              : EXACT     0000270e
Action entry: MyIngress.sin_value_vb.set_sin_result - ffffffa7,

[17:20:47.701] [bmv2] [D] [thread 7517] Entry 2 added to table 'MyIngress.sin_value_vb.sin_base_degree'
[17:20:47.701] [bmv2] [D] [thread 7517] Dumping entry 2
Match key:
* degree              : EXACT     00001389
Action entry: MyIngress.sin_value_vb.set_sin_result - 96,

[17:20:47.701] [bmv2] [D] [thread 7517] Entry 3 added to table 'MyIngress.sin_value_vb.sin_base_degree'
[17:20:47.702] [bmv2] [D] [thread 7517] Dumping entry 3
Match key:
* degree              : EXACT     00001388
Action entry: MyIngress.sin_value_vb.set_sin_result - 1e,

[17:20:47.704] [bmv2] [D] [thread 7517] Set default default entry for table 'MyIngress.cos_value_vc.cos_base_degree': NoAction - 
[17:20:47.704] [bmv2] [D] [thread 7517] Entry 0 added to table 'MyIngress.cos_value_vc.cos_base_degree'
[17:20:47.704] [bmv2] [D] [thread 7517] Dumping entry 0
Match key:
* degree              : EXACT     00000059
Action entry: MyIngress.cos_value_vc.set_cos_test - 

[17:20:47.704] [bmv2] [D] [thread 7517] Entry 1 added to table 'MyIngress.cos_value_vc.cos_base_degree'
[17:20:47.704] [bmv2] [D] [thread 7517] Dumping entry 1
Match key:
* degree              : EXACT     000000ae
Action entry: MyIngress.cos_value_vc.set_cos_result - ffffffa7,

[17:20:47.704] [bmv2] [D] [thread 7517] Entry 2 added to table 'MyIngress.cos_value_vc.cos_base_degree'
[17:20:47.704] [bmv2] [D] [thread 7517] Dumping entry 2
Match key:
* degree              : EXACT     00000001
Action entry: MyIngress.cos_value_vc.set_cos_result - 59,

[17:20:47.704] [bmv2] [D] [thread 7517] Entry 3 added to table 'MyIngress.cos_value_vc.cos_base_degree'
[17:20:47.704] [bmv2] [D] [thread 7517] Dumping entry 3
Match key:
* degree              : EXACT     000021d4
Action entry: MyIngress.cos_value_vc.set_cos_result - 96,

[17:20:47.704] [bmv2] [D] [thread 7517] Entry 4 added to table 'MyIngress.cos_value_vc.cos_base_degree'
[17:20:47.704] [bmv2] [D] [thread 7517] Dumping entry 4
Match key:
* degree              : EXACT     000021d5
Action entry: MyIngress.cos_value_vc.set_cos_result - 1e,

[17:20:47.704] [bmv2] [D] [thread 7517] Entry 5 added to table 'MyIngress.cos_value_vc.cos_base_degree'
[17:20:47.704] [bmv2] [D] [thread 7517] Dumping entry 5
Match key:
* degree              : EXACT     0000222e
Action entry: MyIngress.cos_value_vc.set_cos_result - 20,

[17:20:47.704] [bmv2] [D] [thread 7517] Set default default entry for table 'MyIngress.sin_value_vc.sin_base_degree': NoAction - 
[17:20:47.704] [bmv2] [D] [thread 7517] Entry 0 added to table 'MyIngress.sin_value_vc.sin_base_degree'
[17:20:47.704] [bmv2] [D] [thread 7517] Dumping entry 0
Match key:
* degree              : EXACT     00000059
Action entry: MyIngress.sin_value_vc.set_sin_result - 3c,

[17:20:47.704] [bmv2] [D] [thread 7517] Entry 1 added to table 'MyIngress.sin_value_vc.sin_base_degree'
[17:20:47.704] [bmv2] [D] [thread 7517] Dumping entry 1
Match key:
* degree              : EXACT     0000270e
Action entry: MyIngress.sin_value_vc.set_sin_result - ffffffa7,

[17:20:47.704] [bmv2] [D] [thread 7517] Entry 2 added to table 'MyIngress.sin_value_vc.sin_base_degree'
[17:20:47.704] [bmv2] [D] [thread 7517] Dumping entry 2
Match key:
* degree              : EXACT     00001389
Action entry: MyIngress.sin_value_vc.set_sin_result - 96,

[17:20:47.704] [bmv2] [D] [thread 7517] Entry 3 added to table 'MyIngress.sin_value_vc.sin_base_degree'
[17:20:47.704] [bmv2] [D] [thread 7517] Dumping entry 3
Match key:
* degree              : EXACT     00001388
Action entry: MyIngress.sin_value_vc.set_sin_result - 1e,

[17:20:47.704] [bmv2] [D] [thread 7517] Set default default entry for table 'tbl_calculate_complex_voltage': MyIngress.calculate_complex_voltage - 
[17:20:47.704] [bmv2] [D] [thread 7517] Set default default entry for table 'tbl_basic497': basic497 - 
[17:20:47.704] [bmv2] [D] [thread 7517] Set default default entry for table 'tbl_calculate_complex_voltage_0': MyIngress.calculate_complex_voltage - 
[17:20:47.704] [bmv2] [D] [thread 7517] Set default default entry for table 'tbl_calculate_complex_voltage_1': MyIngress.calculate_complex_voltage - 
[17:20:47.704] [bmv2] [D] [thread 7517] Set default default entry for table 'tbl_jpt_algo': MyIngress.jpt_algo - 
[17:20:47.704] [bmv2] [D] [thread 7517] Set default default entry for table 'tbl_jpt_algo_0': MyIngress.jpt_algo - 
[17:20:47.709] [bmv2] [D] [thread 7517] simple_switch target has been notified of a config swap
[17:20:47.712] [bmv2] [D] [thread 7518] Set default entry for table 'MyIngress.ipv4_lpm': MyIngress.drop - 
[17:20:47.715] [bmv2] [D] [thread 7517] Entry 0 added to table 'MyIngress.ipv4_lpm'
[17:20:47.715] [bmv2] [D] [thread 7517] Dumping entry 0
Match key:
* hdr.ipv4.dstAddr    : LPM       0a000101/32
Action entry: MyIngress.ipv4_forward - 80000000300,4,

[17:20:47.718] [bmv2] [D] [thread 7518] Entry 1 added to table 'MyIngress.ipv4_lpm'
[17:20:47.718] [bmv2] [D] [thread 7518] Dumping entry 1
Match key:
* hdr.ipv4.dstAddr    : LPM       0a000202/32
Action entry: MyIngress.ipv4_forward - 80000000400,3,

[17:20:47.721] [bmv2] [D] [thread 7517] Entry 2 added to table 'MyIngress.ipv4_lpm'
[17:20:47.721] [bmv2] [D] [thread 7517] Dumping entry 2
Match key:
* hdr.ipv4.dstAddr    : LPM       0a000303/32
Action entry: MyIngress.ipv4_forward - 80000000333,1,

[17:20:47.723] [bmv2] [D] [thread 7518] Entry 3 added to table 'MyIngress.ipv4_lpm'
[17:20:47.723] [bmv2] [D] [thread 7518] Dumping entry 3
Match key:
* hdr.ipv4.dstAddr    : LPM       0a000404/32
Action entry: MyIngress.ipv4_forward - 80000000444,2,

[17:20:49.155] [bmv2] [D] [thread 7450] [21.0] [cxt 0] Processing packet received on port 1
[17:20:49.155] [bmv2] [D] [thread 7450] [21.0] [cxt 0] Parser 'parser': start
[17:20:49.155] [bmv2] [D] [thread 7450] [21.0] [cxt 0] Parser 'parser' entering state 'start'
[17:20:49.155] [bmv2] [D] [thread 7450] [21.0] [cxt 0] Extracting header 'ethernet'
[17:20:49.155] [bmv2] [D] [thread 7450] [21.0] [cxt 0] Parser state 'start': key is 86dd
[17:20:49.155] [bmv2] [T] [thread 7450] [21.0] [cxt 0] Bytes parsed: 14
[17:20:49.155] [bmv2] [D] [thread 7450] [21.0] [cxt 0] Parser 'parser': end
[17:20:49.155] [bmv2] [D] [thread 7450] [21.0] [cxt 0] Pipeline 'ingress': start
[17:20:49.155] [bmv2] [T] [thread 7450] [21.0] [cxt 0] basic.p4(476) Condition "hdr.ipv4.isValid()" (node_2) is false
[17:20:49.155] [bmv2] [D] [thread 7450] [21.0] [cxt 0] Pipeline 'ingress': end
[17:20:49.155] [bmv2] [D] [thread 7450] [21.0] [cxt 0] Egress port is 0
[17:20:49.156] [bmv2] [D] [thread 7451] [21.0] [cxt 0] Pipeline 'egress': start
[17:20:49.156] [bmv2] [D] [thread 7451] [21.0] [cxt 0] Pipeline 'egress': end
[17:20:49.156] [bmv2] [D] [thread 7451] [21.0] [cxt 0] Deparser 'deparser': start
[17:20:49.156] [bmv2] [T] [thread 7451] [21.0] [cxt 0] Skipping checksum 'cksum' update because condition not met
[17:20:49.156] [bmv2] [D] [thread 7451] [21.0] [cxt 0] Deparsing header 'ethernet'
[17:20:49.156] [bmv2] [D] [thread 7451] [21.0] [cxt 0] Deparser 'deparser': end
[17:20:49.156] [bmv2] [D] [thread 7455] [21.0] [cxt 0] Transmitting packet of size 70 out of port 0
[17:20:49.412] [bmv2] [D] [thread 7450] [22.0] [cxt 0] Processing packet received on port 3
[17:20:49.412] [bmv2] [D] [thread 7450] [22.0] [cxt 0] Parser 'parser': start
[17:20:49.412] [bmv2] [D] [thread 7450] [22.0] [cxt 0] Parser 'parser' entering state 'start'
[17:20:49.412] [bmv2] [D] [thread 7450] [22.0] [cxt 0] Extracting header 'ethernet'
[17:20:49.412] [bmv2] [D] [thread 7450] [22.0] [cxt 0] Parser state 'start': key is 86dd
[17:20:49.412] [bmv2] [T] [thread 7450] [22.0] [cxt 0] Bytes parsed: 14
[17:20:49.412] [bmv2] [D] [thread 7450] [22.0] [cxt 0] Parser 'parser': end
[17:20:49.412] [bmv2] [D] [thread 7450] [22.0] [cxt 0] Pipeline 'ingress': start
[17:20:49.412] [bmv2] [T] [thread 7450] [22.0] [cxt 0] basic.p4(476) Condition "hdr.ipv4.isValid()" (node_2) is false
[17:20:49.412] [bmv2] [D] [thread 7450] [22.0] [cxt 0] Pipeline 'ingress': end
[17:20:49.412] [bmv2] [D] [thread 7450] [22.0] [cxt 0] Egress port is 0
[17:20:49.412] [bmv2] [D] [thread 7451] [22.0] [cxt 0] Pipeline 'egress': start
[17:20:49.412] [bmv2] [D] [thread 7451] [22.0] [cxt 0] Pipeline 'egress': end
[17:20:49.412] [bmv2] [D] [thread 7451] [22.0] [cxt 0] Deparser 'deparser': start
[17:20:49.412] [bmv2] [T] [thread 7451] [22.0] [cxt 0] Skipping checksum 'cksum' update because condition not met
[17:20:49.412] [bmv2] [D] [thread 7451] [22.0] [cxt 0] Deparsing header 'ethernet'
[17:20:49.412] [bmv2] [D] [thread 7451] [22.0] [cxt 0] Deparser 'deparser': end
[17:20:49.412] [bmv2] [D] [thread 7455] [22.0] [cxt 0] Transmitting packet of size 70 out of port 0
[17:20:49.413] [bmv2] [D] [thread 7450] [23.0] [cxt 0] Processing packet received on port 4
[17:20:49.413] [bmv2] [D] [thread 7450] [23.0] [cxt 0] Parser 'parser': start
[17:20:49.413] [bmv2] [D] [thread 7450] [23.0] [cxt 0] Parser 'parser' entering state 'start'
[17:20:49.413] [bmv2] [D] [thread 7450] [23.0] [cxt 0] Extracting header 'ethernet'
[17:20:49.413] [bmv2] [D] [thread 7450] [23.0] [cxt 0] Parser state 'start': key is 86dd
[17:20:49.413] [bmv2] [T] [thread 7450] [23.0] [cxt 0] Bytes parsed: 14
[17:20:49.413] [bmv2] [D] [thread 7450] [23.0] [cxt 0] Parser 'parser': end
[17:20:49.413] [bmv2] [D] [thread 7450] [23.0] [cxt 0] Pipeline 'ingress': start
[17:20:49.413] [bmv2] [T] [thread 7450] [23.0] [cxt 0] basic.p4(476) Condition "hdr.ipv4.isValid()" (node_2) is false
[17:20:49.413] [bmv2] [D] [thread 7450] [23.0] [cxt 0] Pipeline 'ingress': end
[17:20:49.413] [bmv2] [D] [thread 7450] [23.0] [cxt 0] Egress port is 0
[17:20:49.413] [bmv2] [D] [thread 7451] [23.0] [cxt 0] Pipeline 'egress': start
[17:20:49.413] [bmv2] [D] [thread 7451] [23.0] [cxt 0] Pipeline 'egress': end
[17:20:49.413] [bmv2] [D] [thread 7451] [23.0] [cxt 0] Deparser 'deparser': start
[17:20:49.413] [bmv2] [T] [thread 7451] [23.0] [cxt 0] Skipping checksum 'cksum' update because condition not met
[17:20:49.413] [bmv2] [D] [thread 7451] [23.0] [cxt 0] Deparsing header 'ethernet'
[17:20:49.413] [bmv2] [D] [thread 7451] [23.0] [cxt 0] Deparser 'deparser': end
[17:20:49.413] [bmv2] [D] [thread 7455] [23.0] [cxt 0] Transmitting packet of size 70 out of port 0
[17:20:49.923] [bmv2] [D] [thread 7450] [24.0] [cxt 0] Processing packet received on port 4
[17:20:49.923] [bmv2] [D] [thread 7450] [24.0] [cxt 0] Parser 'parser': start
[17:20:49.923] [bmv2] [D] [thread 7450] [24.0] [cxt 0] Parser 'parser' entering state 'start'
[17:20:49.923] [bmv2] [D] [thread 7450] [24.0] [cxt 0] Extracting header 'ethernet'
[17:20:49.923] [bmv2] [D] [thread 7450] [24.0] [cxt 0] Parser state 'start': key is 86dd
[17:20:49.923] [bmv2] [T] [thread 7450] [24.0] [cxt 0] Bytes parsed: 14
[17:20:49.923] [bmv2] [D] [thread 7450] [24.0] [cxt 0] Parser 'parser': end
[17:20:49.923] [bmv2] [D] [thread 7450] [24.0] [cxt 0] Pipeline 'ingress': start
[17:20:49.923] [bmv2] [T] [thread 7450] [24.0] [cxt 0] basic.p4(476) Condition "hdr.ipv4.isValid()" (node_2) is false
[17:20:49.923] [bmv2] [D] [thread 7450] [24.0] [cxt 0] Pipeline 'ingress': end
[17:20:49.923] [bmv2] [D] [thread 7450] [24.0] [cxt 0] Egress port is 0
[17:20:49.923] [bmv2] [D] [thread 7451] [24.0] [cxt 0] Pipeline 'egress': start
[17:20:49.923] [bmv2] [D] [thread 7451] [24.0] [cxt 0] Pipeline 'egress': end
[17:20:49.924] [bmv2] [D] [thread 7451] [24.0] [cxt 0] Deparser 'deparser': start
[17:20:49.924] [bmv2] [T] [thread 7451] [24.0] [cxt 0] Skipping checksum 'cksum' update because condition not met
[17:20:49.924] [bmv2] [D] [thread 7451] [24.0] [cxt 0] Deparsing header 'ethernet'
[17:20:49.924] [bmv2] [D] [thread 7451] [24.0] [cxt 0] Deparser 'deparser': end
[17:20:49.924] [bmv2] [D] [thread 7455] [24.0] [cxt 0] Transmitting packet of size 70 out of port 0
[17:20:50.180] [bmv2] [D] [thread 7450] [25.0] [cxt 0] Processing packet received on port 2
[17:20:50.180] [bmv2] [D] [thread 7450] [25.0] [cxt 0] Parser 'parser': start
[17:20:50.180] [bmv2] [D] [thread 7450] [25.0] [cxt 0] Parser 'parser' entering state 'start'
[17:20:50.180] [bmv2] [D] [thread 7450] [25.0] [cxt 0] Extracting header 'ethernet'
[17:20:50.180] [bmv2] [D] [thread 7450] [25.0] [cxt 0] Parser state 'start': key is 86dd
[17:20:50.180] [bmv2] [T] [thread 7450] [25.0] [cxt 0] Bytes parsed: 14
[17:20:50.180] [bmv2] [D] [thread 7450] [25.0] [cxt 0] Parser 'parser': end
[17:20:50.180] [bmv2] [D] [thread 7450] [25.0] [cxt 0] Pipeline 'ingress': start
[17:20:50.180] [bmv2] [T] [thread 7450] [25.0] [cxt 0] basic.p4(476) Condition "hdr.ipv4.isValid()" (node_2) is false
[17:20:50.180] [bmv2] [D] [thread 7450] [25.0] [cxt 0] Pipeline 'ingress': end
[17:20:50.180] [bmv2] [D] [thread 7450] [25.0] [cxt 0] Egress port is 0
[17:20:50.180] [bmv2] [D] [thread 7450] [26.0] [cxt 0] Processing packet received on port 3
[17:20:50.180] [bmv2] [D] [thread 7450] [26.0] [cxt 0] Parser 'parser': start
[17:20:50.180] [bmv2] [D] [thread 7450] [26.0] [cxt 0] Parser 'parser' entering state 'start'
[17:20:50.180] [bmv2] [D] [thread 7450] [26.0] [cxt 0] Extracting header 'ethernet'
[17:20:50.180] [bmv2] [D] [thread 7450] [26.0] [cxt 0] Parser state 'start': key is 86dd
[17:20:50.181] [bmv2] [T] [thread 7450] [26.0] [cxt 0] Bytes parsed: 14
[17:20:50.181] [bmv2] [D] [thread 7450] [26.0] [cxt 0] Parser 'parser': end
[17:20:50.181] [bmv2] [D] [thread 7450] [26.0] [cxt 0] Pipeline 'ingress': start
[17:20:50.181] [bmv2] [T] [thread 7450] [26.0] [cxt 0] basic.p4(476) Condition "hdr.ipv4.isValid()" (node_2) is false
[17:20:50.181] [bmv2] [D] [thread 7450] [26.0] [cxt 0] Pipeline 'ingress': end
[17:20:50.181] [bmv2] [D] [thread 7450] [26.0] [cxt 0] Egress port is 0
[17:20:50.181] [bmv2] [D] [thread 7451] [25.0] [cxt 0] Pipeline 'egress': start
[17:20:50.181] [bmv2] [D] [thread 7451] [25.0] [cxt 0] Pipeline 'egress': end
[17:20:50.181] [bmv2] [D] [thread 7451] [25.0] [cxt 0] Deparser 'deparser': start
[17:20:50.181] [bmv2] [T] [thread 7451] [25.0] [cxt 0] Skipping checksum 'cksum' update because condition not met
[17:20:50.181] [bmv2] [D] [thread 7451] [25.0] [cxt 0] Deparsing header 'ethernet'
[17:20:50.181] [bmv2] [D] [thread 7451] [25.0] [cxt 0] Deparser 'deparser': end
[17:20:50.181] [bmv2] [D] [thread 7451] [26.0] [cxt 0] Pipeline 'egress': start
[17:20:50.181] [bmv2] [D] [thread 7451] [26.0] [cxt 0] Pipeline 'egress': end
[17:20:50.181] [bmv2] [D] [thread 7451] [26.0] [cxt 0] Deparser 'deparser': start
[17:20:50.181] [bmv2] [T] [thread 7451] [26.0] [cxt 0] Skipping checksum 'cksum' update because condition not met
[17:20:50.181] [bmv2] [D] [thread 7451] [26.0] [cxt 0] Deparsing header 'ethernet'
[17:20:50.181] [bmv2] [D] [thread 7451] [26.0] [cxt 0] Deparser 'deparser': end
[17:20:50.181] [bmv2] [D] [thread 7455] [25.0] [cxt 0] Transmitting packet of size 70 out of port 0
[17:20:50.181] [bmv2] [D] [thread 7455] [26.0] [cxt 0] Transmitting packet of size 70 out of port 0
[17:20:56.324] [bmv2] [D] [thread 7450] [27.0] [cxt 0] Processing packet received on port 1
[17:20:56.324] [bmv2] [D] [thread 7450] [27.0] [cxt 0] Parser 'parser': start
[17:20:56.324] [bmv2] [D] [thread 7450] [27.0] [cxt 0] Parser 'parser' entering state 'start'
[17:20:56.324] [bmv2] [D] [thread 7450] [27.0] [cxt 0] Extracting header 'ethernet'
[17:20:56.324] [bmv2] [D] [thread 7450] [27.0] [cxt 0] Parser state 'start': key is 86dd
[17:20:56.324] [bmv2] [T] [thread 7450] [27.0] [cxt 0] Bytes parsed: 14
[17:20:56.324] [bmv2] [D] [thread 7450] [27.0] [cxt 0] Parser 'parser': end
[17:20:56.324] [bmv2] [D] [thread 7450] [27.0] [cxt 0] Pipeline 'ingress': start
[17:20:56.324] [bmv2] [T] [thread 7450] [27.0] [cxt 0] basic.p4(476) Condition "hdr.ipv4.isValid()" (node_2) is false
[17:20:56.324] [bmv2] [D] [thread 7450] [27.0] [cxt 0] Pipeline 'ingress': end
[17:20:56.324] [bmv2] [D] [thread 7450] [27.0] [cxt 0] Egress port is 0
[17:20:56.324] [bmv2] [D] [thread 7451] [27.0] [cxt 0] Pipeline 'egress': start
[17:20:56.324] [bmv2] [D] [thread 7451] [27.0] [cxt 0] Pipeline 'egress': end
[17:20:56.324] [bmv2] [D] [thread 7451] [27.0] [cxt 0] Deparser 'deparser': start
[17:20:56.324] [bmv2] [T] [thread 7451] [27.0] [cxt 0] Skipping checksum 'cksum' update because condition not met
[17:20:56.324] [bmv2] [D] [thread 7451] [27.0] [cxt 0] Deparsing header 'ethernet'
[17:20:56.324] [bmv2] [D] [thread 7451] [27.0] [cxt 0] Deparser 'deparser': end
[17:20:56.324] [bmv2] [D] [thread 7455] [27.0] [cxt 0] Transmitting packet of size 70 out of port 0
[17:20:56.836] [bmv2] [D] [thread 7450] [28.0] [cxt 0] Processing packet received on port 4
[17:20:56.836] [bmv2] [D] [thread 7450] [28.0] [cxt 0] Parser 'parser': start
[17:20:56.836] [bmv2] [D] [thread 7450] [28.0] [cxt 0] Parser 'parser' entering state 'start'
[17:20:56.836] [bmv2] [D] [thread 7450] [28.0] [cxt 0] Extracting header 'ethernet'
[17:20:56.836] [bmv2] [D] [thread 7450] [28.0] [cxt 0] Parser state 'start': key is 86dd
[17:20:56.836] [bmv2] [T] [thread 7450] [28.0] [cxt 0] Bytes parsed: 14
[17:20:56.836] [bmv2] [D] [thread 7450] [28.0] [cxt 0] Parser 'parser': end
[17:20:56.836] [bmv2] [D] [thread 7450] [28.0] [cxt 0] Pipeline 'ingress': start
[17:20:56.836] [bmv2] [T] [thread 7450] [28.0] [cxt 0] basic.p4(476) Condition "hdr.ipv4.isValid()" (node_2) is false
[17:20:56.836] [bmv2] [D] [thread 7450] [28.0] [cxt 0] Pipeline 'ingress': end
[17:20:56.836] [bmv2] [D] [thread 7450] [28.0] [cxt 0] Egress port is 0
[17:20:56.837] [bmv2] [D] [thread 7451] [28.0] [cxt 0] Pipeline 'egress': start
[17:20:56.837] [bmv2] [D] [thread 7451] [28.0] [cxt 0] Pipeline 'egress': end
[17:20:56.837] [bmv2] [D] [thread 7451] [28.0] [cxt 0] Deparser 'deparser': start
[17:20:56.837] [bmv2] [T] [thread 7451] [28.0] [cxt 0] Skipping checksum 'cksum' update because condition not met
[17:20:56.837] [bmv2] [D] [thread 7451] [28.0] [cxt 0] Deparsing header 'ethernet'
[17:20:56.837] [bmv2] [D] [thread 7451] [28.0] [cxt 0] Deparser 'deparser': end
[17:20:56.837] [bmv2] [D] [thread 7455] [28.0] [cxt 0] Transmitting packet of size 70 out of port 0
[17:20:57.604] [bmv2] [D] [thread 7450] [29.0] [cxt 0] Processing packet received on port 3
[17:20:57.604] [bmv2] [D] [thread 7450] [29.0] [cxt 0] Parser 'parser': start
[17:20:57.604] [bmv2] [D] [thread 7450] [29.0] [cxt 0] Parser 'parser' entering state 'start'
[17:20:57.604] [bmv2] [D] [thread 7450] [29.0] [cxt 0] Extracting header 'ethernet'
[17:20:57.604] [bmv2] [D] [thread 7450] [29.0] [cxt 0] Parser state 'start': key is 86dd
[17:20:57.604] [bmv2] [T] [thread 7450] [29.0] [cxt 0] Bytes parsed: 14
[17:20:57.604] [bmv2] [D] [thread 7450] [29.0] [cxt 0] Parser 'parser': end
[17:20:57.604] [bmv2] [D] [thread 7450] [29.0] [cxt 0] Pipeline 'ingress': start
[17:20:57.604] [bmv2] [T] [thread 7450] [29.0] [cxt 0] basic.p4(476) Condition "hdr.ipv4.isValid()" (node_2) is false
[17:20:57.604] [bmv2] [D] [thread 7450] [29.0] [cxt 0] Pipeline 'ingress': end
[17:20:57.604] [bmv2] [D] [thread 7450] [29.0] [cxt 0] Egress port is 0
[17:20:57.604] [bmv2] [D] [thread 7451] [29.0] [cxt 0] Pipeline 'egress': start
[17:20:57.604] [bmv2] [D] [thread 7451] [29.0] [cxt 0] Pipeline 'egress': end
[17:20:57.604] [bmv2] [D] [thread 7451] [29.0] [cxt 0] Deparser 'deparser': start
[17:20:57.604] [bmv2] [T] [thread 7451] [29.0] [cxt 0] Skipping checksum 'cksum' update because condition not met
[17:20:57.604] [bmv2] [D] [thread 7451] [29.0] [cxt 0] Deparsing header 'ethernet'
[17:20:57.604] [bmv2] [D] [thread 7451] [29.0] [cxt 0] Deparser 'deparser': end
[17:20:57.604] [bmv2] [D] [thread 7455] [29.0] [cxt 0] Transmitting packet of size 70 out of port 0
[17:20:58.372] [bmv2] [D] [thread 7450] [30.0] [cxt 0] Processing packet received on port 4
[17:20:58.372] [bmv2] [D] [thread 7450] [30.0] [cxt 0] Parser 'parser': start
[17:20:58.372] [bmv2] [D] [thread 7450] [30.0] [cxt 0] Parser 'parser' entering state 'start'
[17:20:58.372] [bmv2] [D] [thread 7450] [30.0] [cxt 0] Extracting header 'ethernet'
[17:20:58.372] [bmv2] [D] [thread 7450] [30.0] [cxt 0] Parser state 'start': key is 86dd
[17:20:58.372] [bmv2] [T] [thread 7450] [30.0] [cxt 0] Bytes parsed: 14
[17:20:58.372] [bmv2] [D] [thread 7450] [30.0] [cxt 0] Parser 'parser': end
[17:20:58.372] [bmv2] [D] [thread 7450] [30.0] [cxt 0] Pipeline 'ingress': start
[17:20:58.372] [bmv2] [T] [thread 7450] [30.0] [cxt 0] basic.p4(476) Condition "hdr.ipv4.isValid()" (node_2) is false
[17:20:58.372] [bmv2] [D] [thread 7450] [30.0] [cxt 0] Pipeline 'ingress': end
[17:20:58.372] [bmv2] [D] [thread 7450] [30.0] [cxt 0] Egress port is 0
[17:20:58.372] [bmv2] [D] [thread 7451] [30.0] [cxt 0] Pipeline 'egress': start
[17:20:58.372] [bmv2] [D] [thread 7451] [30.0] [cxt 0] Pipeline 'egress': end
[17:20:58.372] [bmv2] [D] [thread 7451] [30.0] [cxt 0] Deparser 'deparser': start
[17:20:58.372] [bmv2] [T] [thread 7451] [30.0] [cxt 0] Skipping checksum 'cksum' update because condition not met
[17:20:58.372] [bmv2] [D] [thread 7451] [30.0] [cxt 0] Deparsing header 'ethernet'
[17:20:58.372] [bmv2] [D] [thread 7451] [30.0] [cxt 0] Deparser 'deparser': end
[17:20:58.372] [bmv2] [D] [thread 7455] [30.0] [cxt 0] Transmitting packet of size 70 out of port 0
[17:20:58.628] [bmv2] [D] [thread 7450] [31.0] [cxt 0] Processing packet received on port 3
[17:20:58.628] [bmv2] [D] [thread 7450] [31.0] [cxt 0] Parser 'parser': start
[17:20:58.628] [bmv2] [D] [thread 7450] [31.0] [cxt 0] Parser 'parser' entering state 'start'
[17:20:58.628] [bmv2] [D] [thread 7450] [31.0] [cxt 0] Extracting header 'ethernet'
[17:20:58.628] [bmv2] [D] [thread 7450] [31.0] [cxt 0] Parser state 'start': key is 86dd
[17:20:58.628] [bmv2] [T] [thread 7450] [31.0] [cxt 0] Bytes parsed: 14
[17:20:58.628] [bmv2] [D] [thread 7450] [31.0] [cxt 0] Parser 'parser': end
[17:20:58.628] [bmv2] [D] [thread 7450] [31.0] [cxt 0] Pipeline 'ingress': start
[17:20:58.628] [bmv2] [T] [thread 7450] [31.0] [cxt 0] basic.p4(476) Condition "hdr.ipv4.isValid()" (node_2) is false
[17:20:58.628] [bmv2] [D] [thread 7450] [31.0] [cxt 0] Pipeline 'ingress': end
[17:20:58.628] [bmv2] [D] [thread 7450] [31.0] [cxt 0] Egress port is 0
[17:20:58.628] [bmv2] [D] [thread 7451] [31.0] [cxt 0] Pipeline 'egress': start
[17:20:58.628] [bmv2] [D] [thread 7451] [31.0] [cxt 0] Pipeline 'egress': end
[17:20:58.628] [bmv2] [D] [thread 7451] [31.0] [cxt 0] Deparser 'deparser': start
[17:20:58.628] [bmv2] [T] [thread 7451] [31.0] [cxt 0] Skipping checksum 'cksum' update because condition not met
[17:20:58.628] [bmv2] [D] [thread 7451] [31.0] [cxt 0] Deparsing header 'ethernet'
[17:20:58.628] [bmv2] [D] [thread 7451] [31.0] [cxt 0] Deparser 'deparser': end
[17:20:58.628] [bmv2] [D] [thread 7455] [31.0] [cxt 0] Transmitting packet of size 70 out of port 0
[17:20:59.396] [bmv2] [D] [thread 7450] [32.0] [cxt 0] Processing packet received on port 2
[17:20:59.396] [bmv2] [D] [thread 7450] [32.0] [cxt 0] Parser 'parser': start
[17:20:59.396] [bmv2] [D] [thread 7450] [32.0] [cxt 0] Parser 'parser' entering state 'start'
[17:20:59.396] [bmv2] [D] [thread 7450] [32.0] [cxt 0] Extracting header 'ethernet'
[17:20:59.396] [bmv2] [D] [thread 7450] [32.0] [cxt 0] Parser state 'start': key is 86dd
[17:20:59.396] [bmv2] [T] [thread 7450] [32.0] [cxt 0] Bytes parsed: 14
[17:20:59.396] [bmv2] [D] [thread 7450] [32.0] [cxt 0] Parser 'parser': end
[17:20:59.396] [bmv2] [D] [thread 7450] [32.0] [cxt 0] Pipeline 'ingress': start
[17:20:59.396] [bmv2] [T] [thread 7450] [32.0] [cxt 0] basic.p4(476) Condition "hdr.ipv4.isValid()" (node_2) is false
[17:20:59.396] [bmv2] [D] [thread 7450] [32.0] [cxt 0] Pipeline 'ingress': end
[17:20:59.396] [bmv2] [D] [thread 7450] [32.0] [cxt 0] Egress port is 0
[17:20:59.396] [bmv2] [D] [thread 7451] [32.0] [cxt 0] Pipeline 'egress': start
[17:20:59.396] [bmv2] [D] [thread 7451] [32.0] [cxt 0] Pipeline 'egress': end
[17:20:59.396] [bmv2] [D] [thread 7451] [32.0] [cxt 0] Deparser 'deparser': start
[17:20:59.396] [bmv2] [T] [thread 7451] [32.0] [cxt 0] Skipping checksum 'cksum' update because condition not met
[17:20:59.396] [bmv2] [D] [thread 7451] [32.0] [cxt 0] Deparsing header 'ethernet'
[17:20:59.396] [bmv2] [D] [thread 7451] [32.0] [cxt 0] Deparser 'deparser': end
[17:20:59.396] [bmv2] [D] [thread 7455] [32.0] [cxt 0] Transmitting packet of size 70 out of port 0
[17:21:10.149] [bmv2] [D] [thread 7450] [33.0] [cxt 0] Processing packet received on port 1
[17:21:10.149] [bmv2] [D] [thread 7450] [33.0] [cxt 0] Parser 'parser': start
[17:21:10.149] [bmv2] [D] [thread 7450] [33.0] [cxt 0] Parser 'parser' entering state 'start'
[17:21:10.149] [bmv2] [D] [thread 7450] [33.0] [cxt 0] Extracting header 'ethernet'
[17:21:10.149] [bmv2] [D] [thread 7450] [33.0] [cxt 0] Parser state 'start': key is 86dd
[17:21:10.149] [bmv2] [T] [thread 7450] [33.0] [cxt 0] Bytes parsed: 14
[17:21:10.149] [bmv2] [D] [thread 7450] [33.0] [cxt 0] Parser 'parser': end
[17:21:10.149] [bmv2] [D] [thread 7450] [33.0] [cxt 0] Pipeline 'ingress': start
[17:21:10.149] [bmv2] [T] [thread 7450] [33.0] [cxt 0] basic.p4(476) Condition "hdr.ipv4.isValid()" (node_2) is false
[17:21:10.149] [bmv2] [D] [thread 7450] [33.0] [cxt 0] Pipeline 'ingress': end
[17:21:10.149] [bmv2] [D] [thread 7450] [33.0] [cxt 0] Egress port is 0
[17:21:10.149] [bmv2] [D] [thread 7451] [33.0] [cxt 0] Pipeline 'egress': start
[17:21:10.149] [bmv2] [D] [thread 7451] [33.0] [cxt 0] Pipeline 'egress': end
[17:21:10.149] [bmv2] [D] [thread 7451] [33.0] [cxt 0] Deparser 'deparser': start
[17:21:10.149] [bmv2] [T] [thread 7451] [33.0] [cxt 0] Skipping checksum 'cksum' update because condition not met
[17:21:10.149] [bmv2] [D] [thread 7451] [33.0] [cxt 0] Deparsing header 'ethernet'
[17:21:10.149] [bmv2] [D] [thread 7451] [33.0] [cxt 0] Deparser 'deparser': end
[17:21:10.149] [bmv2] [D] [thread 7455] [33.0] [cxt 0] Transmitting packet of size 70 out of port 0
[17:21:11.942] [bmv2] [D] [thread 7450] [34.0] [cxt 0] Processing packet received on port 4
[17:21:11.942] [bmv2] [D] [thread 7450] [34.0] [cxt 0] Parser 'parser': start
[17:21:11.943] [bmv2] [D] [thread 7450] [34.0] [cxt 0] Parser 'parser' entering state 'start'
[17:21:11.943] [bmv2] [D] [thread 7450] [34.0] [cxt 0] Extracting header 'ethernet'
[17:21:11.943] [bmv2] [D] [thread 7450] [34.0] [cxt 0] Parser state 'start': key is 86dd
[17:21:11.943] [bmv2] [T] [thread 7450] [34.0] [cxt 0] Bytes parsed: 14
[17:21:11.943] [bmv2] [D] [thread 7450] [34.0] [cxt 0] Parser 'parser': end
[17:21:11.943] [bmv2] [D] [thread 7450] [34.0] [cxt 0] Pipeline 'ingress': start
[17:21:11.943] [bmv2] [T] [thread 7450] [34.0] [cxt 0] basic.p4(476) Condition "hdr.ipv4.isValid()" (node_2) is false
[17:21:11.943] [bmv2] [D] [thread 7450] [34.0] [cxt 0] Pipeline 'ingress': end
[17:21:11.943] [bmv2] [D] [thread 7450] [34.0] [cxt 0] Egress port is 0
[17:21:11.943] [bmv2] [D] [thread 7451] [34.0] [cxt 0] Pipeline 'egress': start
[17:21:11.943] [bmv2] [D] [thread 7451] [34.0] [cxt 0] Pipeline 'egress': end
[17:21:11.943] [bmv2] [D] [thread 7451] [34.0] [cxt 0] Deparser 'deparser': start
[17:21:11.943] [bmv2] [T] [thread 7451] [34.0] [cxt 0] Skipping checksum 'cksum' update because condition not met
[17:21:11.943] [bmv2] [D] [thread 7451] [34.0] [cxt 0] Deparsing header 'ethernet'
[17:21:11.943] [bmv2] [D] [thread 7451] [34.0] [cxt 0] Deparser 'deparser': end
[17:21:11.943] [bmv2] [D] [thread 7455] [34.0] [cxt 0] Transmitting packet of size 70 out of port 0
[17:21:14.499] [bmv2] [D] [thread 7450] [35.0] [cxt 0] Processing packet received on port 4
[17:21:14.500] [bmv2] [D] [thread 7450] [35.0] [cxt 0] Parser 'parser': start
[17:21:14.500] [bmv2] [D] [thread 7450] [35.0] [cxt 0] Parser 'parser' entering state 'start'
[17:21:14.500] [bmv2] [D] [thread 7450] [35.0] [cxt 0] Extracting header 'ethernet'
[17:21:14.500] [bmv2] [D] [thread 7450] [35.0] [cxt 0] Parser state 'start': key is 86dd
[17:21:14.500] [bmv2] [T] [thread 7450] [35.0] [cxt 0] Bytes parsed: 14
[17:21:14.500] [bmv2] [D] [thread 7450] [35.0] [cxt 0] Parser 'parser': end
[17:21:14.500] [bmv2] [D] [thread 7450] [35.0] [cxt 0] Pipeline 'ingress': start
[17:21:14.500] [bmv2] [T] [thread 7450] [35.0] [cxt 0] basic.p4(476) Condition "hdr.ipv4.isValid()" (node_2) is false
[17:21:14.500] [bmv2] [D] [thread 7450] [35.0] [cxt 0] Pipeline 'ingress': end
[17:21:14.500] [bmv2] [D] [thread 7450] [35.0] [cxt 0] Egress port is 0
[17:21:14.500] [bmv2] [D] [thread 7451] [35.0] [cxt 0] Pipeline 'egress': start
[17:21:14.500] [bmv2] [D] [thread 7451] [35.0] [cxt 0] Pipeline 'egress': end
[17:21:14.500] [bmv2] [D] [thread 7451] [35.0] [cxt 0] Deparser 'deparser': start
[17:21:14.500] [bmv2] [T] [thread 7451] [35.0] [cxt 0] Skipping checksum 'cksum' update because condition not met
[17:21:14.500] [bmv2] [D] [thread 7451] [35.0] [cxt 0] Deparsing header 'ethernet'
[17:21:14.500] [bmv2] [D] [thread 7451] [35.0] [cxt 0] Deparser 'deparser': end
[17:21:14.500] [bmv2] [D] [thread 7455] [35.0] [cxt 0] Transmitting packet of size 70 out of port 0
[17:21:14.756] [bmv2] [D] [thread 7450] [36.0] [cxt 0] Processing packet received on port 3
[17:21:14.756] [bmv2] [D] [thread 7450] [36.0] [cxt 0] Parser 'parser': start
[17:21:14.756] [bmv2] [D] [thread 7450] [36.0] [cxt 0] Parser 'parser' entering state 'start'
[17:21:14.756] [bmv2] [D] [thread 7450] [36.0] [cxt 0] Extracting header 'ethernet'
[17:21:14.756] [bmv2] [D] [thread 7450] [36.0] [cxt 0] Parser state 'start': key is 86dd
[17:21:14.756] [bmv2] [T] [thread 7450] [36.0] [cxt 0] Bytes parsed: 14
[17:21:14.756] [bmv2] [D] [thread 7450] [36.0] [cxt 0] Parser 'parser': end
[17:21:14.756] [bmv2] [D] [thread 7450] [36.0] [cxt 0] Pipeline 'ingress': start
[17:21:14.756] [bmv2] [T] [thread 7450] [36.0] [cxt 0] basic.p4(476) Condition "hdr.ipv4.isValid()" (node_2) is false
[17:21:14.756] [bmv2] [D] [thread 7450] [36.0] [cxt 0] Pipeline 'ingress': end
[17:21:14.756] [bmv2] [D] [thread 7450] [36.0] [cxt 0] Egress port is 0
[17:21:14.757] [bmv2] [D] [thread 7451] [36.0] [cxt 0] Pipeline 'egress': start
[17:21:14.757] [bmv2] [D] [thread 7451] [36.0] [cxt 0] Pipeline 'egress': end
[17:21:14.757] [bmv2] [D] [thread 7451] [36.0] [cxt 0] Deparser 'deparser': start
[17:21:14.757] [bmv2] [T] [thread 7451] [36.0] [cxt 0] Skipping checksum 'cksum' update because condition not met
[17:21:14.757] [bmv2] [D] [thread 7451] [36.0] [cxt 0] Deparsing header 'ethernet'
[17:21:14.757] [bmv2] [D] [thread 7451] [36.0] [cxt 0] Deparser 'deparser': end
[17:21:14.757] [bmv2] [D] [thread 7455] [36.0] [cxt 0] Transmitting packet of size 70 out of port 0
[17:21:15.268] [bmv2] [D] [thread 7450] [37.0] [cxt 0] Processing packet received on port 3
[17:21:15.268] [bmv2] [D] [thread 7450] [37.0] [cxt 0] Parser 'parser': start
[17:21:15.268] [bmv2] [D] [thread 7450] [37.0] [cxt 0] Parser 'parser' entering state 'start'
[17:21:15.268] [bmv2] [D] [thread 7450] [37.0] [cxt 0] Extracting header 'ethernet'
[17:21:15.268] [bmv2] [D] [thread 7450] [37.0] [cxt 0] Parser state 'start': key is 86dd
[17:21:15.268] [bmv2] [T] [thread 7450] [37.0] [cxt 0] Bytes parsed: 14
[17:21:15.268] [bmv2] [D] [thread 7450] [37.0] [cxt 0] Parser 'parser': end
[17:21:15.268] [bmv2] [D] [thread 7450] [37.0] [cxt 0] Pipeline 'ingress': start
[17:21:15.268] [bmv2] [T] [thread 7450] [37.0] [cxt 0] basic.p4(476) Condition "hdr.ipv4.isValid()" (node_2) is false
[17:21:15.268] [bmv2] [D] [thread 7450] [37.0] [cxt 0] Pipeline 'ingress': end
[17:21:15.268] [bmv2] [D] [thread 7450] [37.0] [cxt 0] Egress port is 0
[17:21:15.268] [bmv2] [D] [thread 7451] [37.0] [cxt 0] Pipeline 'egress': start
[17:21:15.268] [bmv2] [D] [thread 7451] [37.0] [cxt 0] Pipeline 'egress': end
[17:21:15.268] [bmv2] [D] [thread 7451] [37.0] [cxt 0] Deparser 'deparser': start
[17:21:15.268] [bmv2] [T] [thread 7451] [37.0] [cxt 0] Skipping checksum 'cksum' update because condition not met
[17:21:15.268] [bmv2] [D] [thread 7451] [37.0] [cxt 0] Deparsing header 'ethernet'
[17:21:15.268] [bmv2] [D] [thread 7451] [37.0] [cxt 0] Deparser 'deparser': end
[17:21:15.268] [bmv2] [D] [thread 7455] [37.0] [cxt 0] Transmitting packet of size 70 out of port 0
[17:21:17.327] [bmv2] [D] [thread 7450] [38.0] [cxt 0] Processing packet received on port 2
[17:21:17.327] [bmv2] [D] [thread 7450] [38.0] [cxt 0] Parser 'parser': start
[17:21:17.327] [bmv2] [D] [thread 7450] [38.0] [cxt 0] Parser 'parser' entering state 'start'
[17:21:17.327] [bmv2] [D] [thread 7450] [38.0] [cxt 0] Extracting header 'ethernet'
[17:21:17.327] [bmv2] [D] [thread 7450] [38.0] [cxt 0] Parser state 'start': key is 86dd
[17:21:17.327] [bmv2] [T] [thread 7450] [38.0] [cxt 0] Bytes parsed: 14
[17:21:17.327] [bmv2] [D] [thread 7450] [38.0] [cxt 0] Parser 'parser': end
[17:21:17.327] [bmv2] [D] [thread 7450] [38.0] [cxt 0] Pipeline 'ingress': start
[17:21:17.327] [bmv2] [T] [thread 7450] [38.0] [cxt 0] basic.p4(476) Condition "hdr.ipv4.isValid()" (node_2) is false
[17:21:17.327] [bmv2] [D] [thread 7450] [38.0] [cxt 0] Pipeline 'ingress': end
[17:21:17.327] [bmv2] [D] [thread 7450] [38.0] [cxt 0] Egress port is 0
[17:21:17.327] [bmv2] [D] [thread 7451] [38.0] [cxt 0] Pipeline 'egress': start
[17:21:17.327] [bmv2] [D] [thread 7451] [38.0] [cxt 0] Pipeline 'egress': end
[17:21:17.327] [bmv2] [D] [thread 7451] [38.0] [cxt 0] Deparser 'deparser': start
[17:21:17.327] [bmv2] [T] [thread 7451] [38.0] [cxt 0] Skipping checksum 'cksum' update because condition not met
[17:21:17.327] [bmv2] [D] [thread 7451] [38.0] [cxt 0] Deparsing header 'ethernet'
[17:21:17.327] [bmv2] [D] [thread 7451] [38.0] [cxt 0] Deparser 'deparser': end
[17:21:17.327] [bmv2] [D] [thread 7455] [38.0] [cxt 0] Transmitting packet of size 70 out of port 0
open: No such file or directory
open: No such file or directory
open: No such file or directory
open: No such file or directory
open: No such file or directory
