Calling target program-options parser
[17:20:46.023] [bmv2] [D] [thread 7476] Set default default entry for table 'MyIngress.ipv4_lpm': NoAction - 
[17:20:46.023] [bmv2] [D] [thread 7476] Set default default entry for table 'MyIngress.debug_pmu_header': NoAction - 
[17:20:46.023] [bmv2] [D] [thread 7476] Set default default entry for table 'tbl_update_register': MyIngress.update_register - 
[17:20:46.023] [bmv2] [D] [thread 7476] Set default default entry for table 'tbl_test': MyIngress.test - 
[17:20:46.023] [bmv2] [D] [thread 7476] Set default default entry for table 'MyIngress.cos_value_va.cos_base_degree': NoAction - 
[17:20:46.023] [bmv2] [D] [thread 7476] Entry 0 added to table 'MyIngress.cos_value_va.cos_base_degree'
[17:20:46.023] [bmv2] [D] [thread 7476] Dumping entry 0
Match key:
* degree              : EXACT     00000059
Action entry: MyIngress.cos_value_va.set_cos_test - 

[17:20:46.023] [bmv2] [D] [thread 7476] Entry 1 added to table 'MyIngress.cos_value_va.cos_base_degree'
[17:20:46.023] [bmv2] [D] [thread 7476] Dumping entry 1
Match key:
* degree              : EXACT     000000ae
Action entry: MyIngress.cos_value_va.set_cos_result - ffffffa7,

[17:20:46.023] [bmv2] [D] [thread 7476] Entry 2 added to table 'MyIngress.cos_value_va.cos_base_degree'
[17:20:46.023] [bmv2] [D] [thread 7476] Dumping entry 2
Match key:
* degree              : EXACT     00000001
Action entry: MyIngress.cos_value_va.set_cos_result - 59,

[17:20:46.023] [bmv2] [D] [thread 7476] Entry 3 added to table 'MyIngress.cos_value_va.cos_base_degree'
[17:20:46.023] [bmv2] [D] [thread 7476] Dumping entry 3
Match key:
* degree              : EXACT     000021d4
Action entry: MyIngress.cos_value_va.set_cos_result - 96,

[17:20:46.023] [bmv2] [D] [thread 7476] Entry 4 added to table 'MyIngress.cos_value_va.cos_base_degree'
[17:20:46.023] [bmv2] [D] [thread 7476] Dumping entry 4
Match key:
* degree              : EXACT     000021d5
Action entry: MyIngress.cos_value_va.set_cos_result - 1e,

[17:20:46.023] [bmv2] [D] [thread 7476] Entry 5 added to table 'MyIngress.cos_value_va.cos_base_degree'
[17:20:46.023] [bmv2] [D] [thread 7476] Dumping entry 5
Match key:
* degree              : EXACT     0000222e
Action entry: MyIngress.cos_value_va.set_cos_result - 20,

[17:20:46.023] [bmv2] [D] [thread 7476] Set default default entry for table 'MyIngress.sin_value_va.sin_base_degree': NoAction - 
[17:20:46.023] [bmv2] [D] [thread 7476] Entry 0 added to table 'MyIngress.sin_value_va.sin_base_degree'
[17:20:46.023] [bmv2] [D] [thread 7476] Dumping entry 0
Match key:
* degree              : EXACT     00000059
Action entry: MyIngress.sin_value_va.set_sin_result - 3c,

[17:20:46.023] [bmv2] [D] [thread 7476] Entry 1 added to table 'MyIngress.sin_value_va.sin_base_degree'
[17:20:46.023] [bmv2] [D] [thread 7476] Dumping entry 1
Match key:
* degree              : EXACT     0000270e
Action entry: MyIngress.sin_value_va.set_sin_result - ffffffa7,

[17:20:46.023] [bmv2] [D] [thread 7476] Entry 2 added to table 'MyIngress.sin_value_va.sin_base_degree'
[17:20:46.023] [bmv2] [D] [thread 7476] Dumping entry 2
Match key:
* degree              : EXACT     00001389
Action entry: MyIngress.sin_value_va.set_sin_result - 96,

[17:20:46.023] [bmv2] [D] [thread 7476] Entry 3 added to table 'MyIngress.sin_value_va.sin_base_degree'
[17:20:46.023] [bmv2] [D] [thread 7476] Dumping entry 3
Match key:
* degree              : EXACT     00001388
Action entry: MyIngress.sin_value_va.set_sin_result - 1e,

[17:20:46.023] [bmv2] [D] [thread 7476] Set default default entry for table 'tbl_basic486': basic486 - 
[17:20:46.023] [bmv2] [D] [thread 7476] Set default default entry for table 'MyIngress.cos_value_vb.cos_base_degree': NoAction - 
[17:20:46.023] [bmv2] [D] [thread 7476] Entry 0 added to table 'MyIngress.cos_value_vb.cos_base_degree'
[17:20:46.023] [bmv2] [D] [thread 7476] Dumping entry 0
Match key:
* degree              : EXACT     00000059
Action entry: MyIngress.cos_value_vb.set_cos_test - 

[17:20:46.023] [bmv2] [D] [thread 7476] Entry 1 added to table 'MyIngress.cos_value_vb.cos_base_degree'
[17:20:46.024] [bmv2] [D] [thread 7476] Dumping entry 1
Match key:
* degree              : EXACT     000000ae
Action entry: MyIngress.cos_value_vb.set_cos_result - ffffffa7,

[17:20:46.024] [bmv2] [D] [thread 7476] Entry 2 added to table 'MyIngress.cos_value_vb.cos_base_degree'
[17:20:46.024] [bmv2] [D] [thread 7476] Dumping entry 2
Match key:
* degree              : EXACT     00000001
Action entry: MyIngress.cos_value_vb.set_cos_result - 59,

[17:20:46.024] [bmv2] [D] [thread 7476] Entry 3 added to table 'MyIngress.cos_value_vb.cos_base_degree'
[17:20:46.024] [bmv2] [D] [thread 7476] Dumping entry 3
Match key:
* degree              : EXACT     000021d4
Action entry: MyIngress.cos_value_vb.set_cos_result - 96,

[17:20:46.024] [bmv2] [D] [thread 7476] Entry 4 added to table 'MyIngress.cos_value_vb.cos_base_degree'
[17:20:46.024] [bmv2] [D] [thread 7476] Dumping entry 4
Match key:
* degree              : EXACT     000021d5
Action entry: MyIngress.cos_value_vb.set_cos_result - 1e,

[17:20:46.024] [bmv2] [D] [thread 7476] Entry 5 added to table 'MyIngress.cos_value_vb.cos_base_degree'
[17:20:46.024] [bmv2] [D] [thread 7476] Dumping entry 5
Match key:
* degree              : EXACT     0000222e
Action entry: MyIngress.cos_value_vb.set_cos_result - 20,

[17:20:46.024] [bmv2] [D] [thread 7476] Set default default entry for table 'MyIngress.sin_value_vb.sin_base_degree': NoAction - 
[17:20:46.024] [bmv2] [D] [thread 7476] Entry 0 added to table 'MyIngress.sin_value_vb.sin_base_degree'
[17:20:46.024] [bmv2] [D] [thread 7476] Dumping entry 0
Match key:
* degree              : EXACT     00000059
Action entry: MyIngress.sin_value_vb.set_sin_result - 3c,

[17:20:46.024] [bmv2] [D] [thread 7476] Entry 1 added to table 'MyIngress.sin_value_vb.sin_base_degree'
[17:20:46.024] [bmv2] [D] [thread 7476] Dumping entry 1
Match key:
* degree              : EXACT     0000270e
Action entry: MyIngress.sin_value_vb.set_sin_result - ffffffa7,

[17:20:46.024] [bmv2] [D] [thread 7476] Entry 2 added to table 'MyIngress.sin_value_vb.sin_base_degree'
[17:20:46.024] [bmv2] [D] [thread 7476] Dumping entry 2
Match key:
* degree              : EXACT     00001389
Action entry: MyIngress.sin_value_vb.set_sin_result - 96,

[17:20:46.024] [bmv2] [D] [thread 7476] Entry 3 added to table 'MyIngress.sin_value_vb.sin_base_degree'
[17:20:46.024] [bmv2] [D] [thread 7476] Dumping entry 3
Match key:
* degree              : EXACT     00001388
Action entry: MyIngress.sin_value_vb.set_sin_result - 1e,

[17:20:46.024] [bmv2] [D] [thread 7476] Set default default entry for table 'MyIngress.cos_value_vc.cos_base_degree': NoAction - 
[17:20:46.024] [bmv2] [D] [thread 7476] Entry 0 added to table 'MyIngress.cos_value_vc.cos_base_degree'
[17:20:46.024] [bmv2] [D] [thread 7476] Dumping entry 0
Match key:
* degree              : EXACT     00000059
Action entry: MyIngress.cos_value_vc.set_cos_test - 

[17:20:46.024] [bmv2] [D] [thread 7476] Entry 1 added to table 'MyIngress.cos_value_vc.cos_base_degree'
[17:20:46.024] [bmv2] [D] [thread 7476] Dumping entry 1
Match key:
* degree              : EXACT     000000ae
Action entry: MyIngress.cos_value_vc.set_cos_result - ffffffa7,

[17:20:46.024] [bmv2] [D] [thread 7476] Entry 2 added to table 'MyIngress.cos_value_vc.cos_base_degree'
[17:20:46.024] [bmv2] [D] [thread 7476] Dumping entry 2
Match key:
* degree              : EXACT     00000001
Action entry: MyIngress.cos_value_vc.set_cos_result - 59,

[17:20:46.024] [bmv2] [D] [thread 7476] Entry 3 added to table 'MyIngress.cos_value_vc.cos_base_degree'
[17:20:46.024] [bmv2] [D] [thread 7476] Dumping entry 3
Match key:
* degree              : EXACT     000021d4
Action entry: MyIngress.cos_value_vc.set_cos_result - 96,

[17:20:46.024] [bmv2] [D] [thread 7476] Entry 4 added to table 'MyIngress.cos_value_vc.cos_base_degree'
[17:20:46.024] [bmv2] [D] [thread 7476] Dumping entry 4
Match key:
* degree              : EXACT     000021d5
Action entry: MyIngress.cos_value_vc.set_cos_result - 1e,

[17:20:46.024] [bmv2] [D] [thread 7476] Entry 5 added to table 'MyIngress.cos_value_vc.cos_base_degree'
[17:20:46.024] [bmv2] [D] [thread 7476] Dumping entry 5
Match key:
* degree              : EXACT     0000222e
Action entry: MyIngress.cos_value_vc.set_cos_result - 20,

[17:20:46.024] [bmv2] [D] [thread 7476] Set default default entry for table 'MyIngress.sin_value_vc.sin_base_degree': NoAction - 
[17:20:46.024] [bmv2] [D] [thread 7476] Entry 0 added to table 'MyIngress.sin_value_vc.sin_base_degree'
[17:20:46.024] [bmv2] [D] [thread 7476] Dumping entry 0
Match key:
* degree              : EXACT     00000059
Action entry: MyIngress.sin_value_vc.set_sin_result - 3c,

[17:20:46.024] [bmv2] [D] [thread 7476] Entry 1 added to table 'MyIngress.sin_value_vc.sin_base_degree'
[17:20:46.024] [bmv2] [D] [thread 7476] Dumping entry 1
Match key:
* degree              : EXACT     0000270e
Action entry: MyIngress.sin_value_vc.set_sin_result - ffffffa7,

[17:20:46.024] [bmv2] [D] [thread 7476] Entry 2 added to table 'MyIngress.sin_value_vc.sin_base_degree'
[17:20:46.024] [bmv2] [D] [thread 7476] Dumping entry 2
Match key:
* degree              : EXACT     00001389
Action entry: MyIngress.sin_value_vc.set_sin_result - 96,

[17:20:46.024] [bmv2] [D] [thread 7476] Entry 3 added to table 'MyIngress.sin_value_vc.sin_base_degree'
[17:20:46.024] [bmv2] [D] [thread 7476] Dumping entry 3
Match key:
* degree              : EXACT     00001388
Action entry: MyIngress.sin_value_vc.set_sin_result - 1e,

[17:20:46.024] [bmv2] [D] [thread 7476] Set default default entry for table 'tbl_calculate_complex_voltage': MyIngress.calculate_complex_voltage - 
[17:20:46.024] [bmv2] [D] [thread 7476] Set default default entry for table 'tbl_basic497': basic497 - 
[17:20:46.024] [bmv2] [D] [thread 7476] Set default default entry for table 'tbl_calculate_complex_voltage_0': MyIngress.calculate_complex_voltage - 
[17:20:46.024] [bmv2] [D] [thread 7476] Set default default entry for table 'tbl_calculate_complex_voltage_1': MyIngress.calculate_complex_voltage - 
[17:20:46.024] [bmv2] [D] [thread 7476] Set default default entry for table 'tbl_jpt_algo': MyIngress.jpt_algo - 
[17:20:46.024] [bmv2] [D] [thread 7476] Set default default entry for table 'tbl_jpt_algo_0': MyIngress.jpt_algo - 
Adding interface s4-eth1 as port 1
[17:20:46.025] [bmv2] [D] [thread 7476] Adding interface s4-eth1 as port 1
Adding interface s4-eth2 as port 2
[17:20:46.063] [bmv2] [D] [thread 7476] Adding interface s4-eth2 as port 2
Server listening on 0.0.0.0:50054
[17:20:46.108] [bmv2] [I] [thread 7476] Starting Thrift server on port 9093
[17:20:46.108] [bmv2] [I] [thread 7476] Thrift server was started
[17:20:46.693] [bmv2] [D] [thread 7486] [0.0] [cxt 0] Processing packet received on port 1
[17:20:46.693] [bmv2] [D] [thread 7486] [0.0] [cxt 0] Parser 'parser': start
[17:20:46.693] [bmv2] [D] [thread 7486] [0.0] [cxt 0] Parser 'parser' entering state 'start'
[17:20:46.693] [bmv2] [D] [thread 7486] [0.0] [cxt 0] Extracting header 'ethernet'
[17:20:46.693] [bmv2] [D] [thread 7486] [0.0] [cxt 0] Parser state 'start': key is 86dd
[17:20:46.693] [bmv2] [T] [thread 7486] [0.0] [cxt 0] Bytes parsed: 14
[17:20:46.693] [bmv2] [D] [thread 7486] [0.0] [cxt 0] Parser 'parser': end
[17:20:46.693] [bmv2] [D] [thread 7486] [0.0] [cxt 0] Pipeline 'ingress': start
[17:20:46.693] [bmv2] [T] [thread 7486] [0.0] [cxt 0] basic.p4(476) Condition "hdr.ipv4.isValid()" (node_2) is false
[17:20:46.693] [bmv2] [D] [thread 7486] [0.0] [cxt 0] Pipeline 'ingress': end
[17:20:46.693] [bmv2] [D] [thread 7486] [0.0] [cxt 0] Egress port is 0
[17:20:46.693] [bmv2] [D] [thread 7487] [0.0] [cxt 0] Pipeline 'egress': start
[17:20:46.693] [bmv2] [D] [thread 7487] [0.0] [cxt 0] Pipeline 'egress': end
[17:20:46.693] [bmv2] [D] [thread 7487] [0.0] [cxt 0] Deparser 'deparser': start
[17:20:46.693] [bmv2] [T] [thread 7487] [0.0] [cxt 0] Skipping checksum 'cksum' update because condition not met
[17:20:46.693] [bmv2] [D] [thread 7487] [0.0] [cxt 0] Deparsing header 'ethernet'
[17:20:46.693] [bmv2] [D] [thread 7487] [0.0] [cxt 0] Deparser 'deparser': end
[17:20:46.693] [bmv2] [D] [thread 7491] [0.0] [cxt 0] Transmitting packet of size 90 out of port 0
[17:20:47.868] [bmv2] [W] [thread 7539] [P4Runtime] p4::tmp::P4DeviceConfig is deprecated
[17:20:47.877] [bmv2] [D] [thread 7539] Set default default entry for table 'MyIngress.ipv4_lpm': NoAction - 
[17:20:47.877] [bmv2] [D] [thread 7539] Set default default entry for table 'MyIngress.debug_pmu_header': NoAction - 
[17:20:47.877] [bmv2] [D] [thread 7539] Set default default entry for table 'tbl_update_register': MyIngress.update_register - 
[17:20:47.878] [bmv2] [D] [thread 7539] Set default default entry for table 'tbl_test': MyIngress.test - 
[17:20:47.878] [bmv2] [D] [thread 7539] Set default default entry for table 'MyIngress.cos_value_va.cos_base_degree': NoAction - 
[17:20:47.878] [bmv2] [D] [thread 7539] Entry 0 added to table 'MyIngress.cos_value_va.cos_base_degree'
[17:20:47.878] [bmv2] [D] [thread 7539] Dumping entry 0
Match key:
* degree              : EXACT     00000059
Action entry: MyIngress.cos_value_va.set_cos_test - 

[17:20:47.878] [bmv2] [D] [thread 7539] Entry 1 added to table 'MyIngress.cos_value_va.cos_base_degree'
[17:20:47.878] [bmv2] [D] [thread 7539] Dumping entry 1
Match key:
* degree              : EXACT     000000ae
Action entry: MyIngress.cos_value_va.set_cos_result - ffffffa7,

[17:20:47.878] [bmv2] [D] [thread 7539] Entry 2 added to table 'MyIngress.cos_value_va.cos_base_degree'
[17:20:47.878] [bmv2] [D] [thread 7539] Dumping entry 2
Match key:
* degree              : EXACT     00000001
Action entry: MyIngress.cos_value_va.set_cos_result - 59,

[17:20:47.878] [bmv2] [D] [thread 7539] Entry 3 added to table 'MyIngress.cos_value_va.cos_base_degree'
[17:20:47.878] [bmv2] [D] [thread 7539] Dumping entry 3
Match key:
* degree              : EXACT     000021d4
Action entry: MyIngress.cos_value_va.set_cos_result - 96,

[17:20:47.878] [bmv2] [D] [thread 7539] Entry 4 added to table 'MyIngress.cos_value_va.cos_base_degree'
[17:20:47.878] [bmv2] [D] [thread 7539] Dumping entry 4
Match key:
* degree              : EXACT     000021d5
Action entry: MyIngress.cos_value_va.set_cos_result - 1e,

[17:20:47.878] [bmv2] [D] [thread 7539] Entry 5 added to table 'MyIngress.cos_value_va.cos_base_degree'
[17:20:47.878] [bmv2] [D] [thread 7539] Dumping entry 5
Match key:
* degree              : EXACT     0000222e
Action entry: MyIngress.cos_value_va.set_cos_result - 20,

[17:20:47.878] [bmv2] [D] [thread 7539] Set default default entry for table 'MyIngress.sin_value_va.sin_base_degree': NoAction - 
[17:20:47.878] [bmv2] [D] [thread 7539] Entry 0 added to table 'MyIngress.sin_value_va.sin_base_degree'
[17:20:47.878] [bmv2] [D] [thread 7539] Dumping entry 0
Match key:
* degree              : EXACT     00000059
Action entry: MyIngress.sin_value_va.set_sin_result - 3c,

[17:20:47.878] [bmv2] [D] [thread 7539] Entry 1 added to table 'MyIngress.sin_value_va.sin_base_degree'
[17:20:47.878] [bmv2] [D] [thread 7539] Dumping entry 1
Match key:
* degree              : EXACT     0000270e
Action entry: MyIngress.sin_value_va.set_sin_result - ffffffa7,

[17:20:47.878] [bmv2] [D] [thread 7539] Entry 2 added to table 'MyIngress.sin_value_va.sin_base_degree'
[17:20:47.878] [bmv2] [D] [thread 7539] Dumping entry 2
Match key:
* degree              : EXACT     00001389
Action entry: MyIngress.sin_value_va.set_sin_result - 96,

[17:20:47.878] [bmv2] [D] [thread 7539] Entry 3 added to table 'MyIngress.sin_value_va.sin_base_degree'
[17:20:47.878] [bmv2] [D] [thread 7539] Dumping entry 3
Match key:
* degree              : EXACT     00001388
Action entry: MyIngress.sin_value_va.set_sin_result - 1e,

[17:20:47.878] [bmv2] [D] [thread 7539] Set default default entry for table 'tbl_basic486': basic486 - 
[17:20:47.878] [bmv2] [D] [thread 7539] Set default default entry for table 'MyIngress.cos_value_vb.cos_base_degree': NoAction - 
[17:20:47.878] [bmv2] [D] [thread 7539] Entry 0 added to table 'MyIngress.cos_value_vb.cos_base_degree'
[17:20:47.878] [bmv2] [D] [thread 7539] Dumping entry 0
Match key:
* degree              : EXACT     00000059
Action entry: MyIngress.cos_value_vb.set_cos_test - 

[17:20:47.878] [bmv2] [D] [thread 7539] Entry 1 added to table 'MyIngress.cos_value_vb.cos_base_degree'
[17:20:47.879] [bmv2] [D] [thread 7539] Dumping entry 1
Match key:
* degree              : EXACT     000000ae
Action entry: MyIngress.cos_value_vb.set_cos_result - ffffffa7,

[17:20:47.879] [bmv2] [D] [thread 7539] Entry 2 added to table 'MyIngress.cos_value_vb.cos_base_degree'
[17:20:47.879] [bmv2] [D] [thread 7539] Dumping entry 2
Match key:
* degree              : EXACT     00000001
Action entry: MyIngress.cos_value_vb.set_cos_result - 59,

[17:20:47.879] [bmv2] [D] [thread 7539] Entry 3 added to table 'MyIngress.cos_value_vb.cos_base_degree'
[17:20:47.879] [bmv2] [D] [thread 7539] Dumping entry 3
Match key:
* degree              : EXACT     000021d4
Action entry: MyIngress.cos_value_vb.set_cos_result - 96,

[17:20:47.879] [bmv2] [D] [thread 7539] Entry 4 added to table 'MyIngress.cos_value_vb.cos_base_degree'
[17:20:47.879] [bmv2] [D] [thread 7539] Dumping entry 4
Match key:
* degree              : EXACT     000021d5
Action entry: MyIngress.cos_value_vb.set_cos_result - 1e,

[17:20:47.879] [bmv2] [D] [thread 7539] Entry 5 added to table 'MyIngress.cos_value_vb.cos_base_degree'
[17:20:47.879] [bmv2] [D] [thread 7539] Dumping entry 5
Match key:
* degree              : EXACT     0000222e
Action entry: MyIngress.cos_value_vb.set_cos_result - 20,

[17:20:47.879] [bmv2] [D] [thread 7539] Set default default entry for table 'MyIngress.sin_value_vb.sin_base_degree': NoAction - 
[17:20:47.879] [bmv2] [D] [thread 7539] Entry 0 added to table 'MyIngress.sin_value_vb.sin_base_degree'
[17:20:47.879] [bmv2] [D] [thread 7539] Dumping entry 0
Match key:
* degree              : EXACT     00000059
Action entry: MyIngress.sin_value_vb.set_sin_result - 3c,

[17:20:47.879] [bmv2] [D] [thread 7539] Entry 1 added to table 'MyIngress.sin_value_vb.sin_base_degree'
[17:20:47.879] [bmv2] [D] [thread 7539] Dumping entry 1
Match key:
* degree              : EXACT     0000270e
Action entry: MyIngress.sin_value_vb.set_sin_result - ffffffa7,

[17:20:47.879] [bmv2] [D] [thread 7539] Entry 2 added to table 'MyIngress.sin_value_vb.sin_base_degree'
[17:20:47.879] [bmv2] [D] [thread 7539] Dumping entry 2
Match key:
* degree              : EXACT     00001389
Action entry: MyIngress.sin_value_vb.set_sin_result - 96,

[17:20:47.879] [bmv2] [D] [thread 7539] Entry 3 added to table 'MyIngress.sin_value_vb.sin_base_degree'
[17:20:47.879] [bmv2] [D] [thread 7539] Dumping entry 3
Match key:
* degree              : EXACT     00001388
Action entry: MyIngress.sin_value_vb.set_sin_result - 1e,

[17:20:47.879] [bmv2] [D] [thread 7539] Set default default entry for table 'MyIngress.cos_value_vc.cos_base_degree': NoAction - 
[17:20:47.879] [bmv2] [D] [thread 7539] Entry 0 added to table 'MyIngress.cos_value_vc.cos_base_degree'
[17:20:47.879] [bmv2] [D] [thread 7539] Dumping entry 0
Match key:
* degree              : EXACT     00000059
Action entry: MyIngress.cos_value_vc.set_cos_test - 

[17:20:47.879] [bmv2] [D] [thread 7539] Entry 1 added to table 'MyIngress.cos_value_vc.cos_base_degree'
[17:20:47.879] [bmv2] [D] [thread 7539] Dumping entry 1
Match key:
* degree              : EXACT     000000ae
Action entry: MyIngress.cos_value_vc.set_cos_result - ffffffa7,

[17:20:47.879] [bmv2] [D] [thread 7539] Entry 2 added to table 'MyIngress.cos_value_vc.cos_base_degree'
[17:20:47.879] [bmv2] [D] [thread 7539] Dumping entry 2
Match key:
* degree              : EXACT     00000001
Action entry: MyIngress.cos_value_vc.set_cos_result - 59,

[17:20:47.879] [bmv2] [D] [thread 7539] Entry 3 added to table 'MyIngress.cos_value_vc.cos_base_degree'
[17:20:47.879] [bmv2] [D] [thread 7539] Dumping entry 3
Match key:
* degree              : EXACT     000021d4
Action entry: MyIngress.cos_value_vc.set_cos_result - 96,

[17:20:47.879] [bmv2] [D] [thread 7539] Entry 4 added to table 'MyIngress.cos_value_vc.cos_base_degree'
[17:20:47.879] [bmv2] [D] [thread 7539] Dumping entry 4
Match key:
* degree              : EXACT     000021d5
Action entry: MyIngress.cos_value_vc.set_cos_result - 1e,

[17:20:47.879] [bmv2] [D] [thread 7539] Entry 5 added to table 'MyIngress.cos_value_vc.cos_base_degree'
[17:20:47.879] [bmv2] [D] [thread 7539] Dumping entry 5
Match key:
* degree              : EXACT     0000222e
Action entry: MyIngress.cos_value_vc.set_cos_result - 20,

[17:20:47.879] [bmv2] [D] [thread 7539] Set default default entry for table 'MyIngress.sin_value_vc.sin_base_degree': NoAction - 
[17:20:47.879] [bmv2] [D] [thread 7539] Entry 0 added to table 'MyIngress.sin_value_vc.sin_base_degree'
[17:20:47.879] [bmv2] [D] [thread 7539] Dumping entry 0
Match key:
* degree              : EXACT     00000059
Action entry: MyIngress.sin_value_vc.set_sin_result - 3c,

[17:20:47.879] [bmv2] [D] [thread 7539] Entry 1 added to table 'MyIngress.sin_value_vc.sin_base_degree'
[17:20:47.879] [bmv2] [D] [thread 7539] Dumping entry 1
Match key:
* degree              : EXACT     0000270e
Action entry: MyIngress.sin_value_vc.set_sin_result - ffffffa7,

[17:20:47.879] [bmv2] [D] [thread 7539] Entry 2 added to table 'MyIngress.sin_value_vc.sin_base_degree'
[17:20:47.879] [bmv2] [D] [thread 7539] Dumping entry 2
Match key:
* degree              : EXACT     00001389
Action entry: MyIngress.sin_value_vc.set_sin_result - 96,

[17:20:47.879] [bmv2] [D] [thread 7539] Entry 3 added to table 'MyIngress.sin_value_vc.sin_base_degree'
[17:20:47.880] [bmv2] [D] [thread 7539] Dumping entry 3
Match key:
* degree              : EXACT     00001388
Action entry: MyIngress.sin_value_vc.set_sin_result - 1e,

[17:20:47.880] [bmv2] [D] [thread 7539] Set default default entry for table 'tbl_calculate_complex_voltage': MyIngress.calculate_complex_voltage - 
[17:20:47.880] [bmv2] [D] [thread 7539] Set default default entry for table 'tbl_basic497': basic497 - 
[17:20:47.880] [bmv2] [D] [thread 7539] Set default default entry for table 'tbl_calculate_complex_voltage_0': MyIngress.calculate_complex_voltage - 
[17:20:47.880] [bmv2] [D] [thread 7539] Set default default entry for table 'tbl_calculate_complex_voltage_1': MyIngress.calculate_complex_voltage - 
[17:20:47.880] [bmv2] [D] [thread 7539] Set default default entry for table 'tbl_jpt_algo': MyIngress.jpt_algo - 
[17:20:47.880] [bmv2] [D] [thread 7539] Set default default entry for table 'tbl_jpt_algo_0': MyIngress.jpt_algo - 
[17:20:47.884] [bmv2] [D] [thread 7539] simple_switch target has been notified of a config swap
[17:20:47.890] [bmv2] [D] [thread 7540] Set default entry for table 'MyIngress.ipv4_lpm': MyIngress.drop - 
[17:20:47.894] [bmv2] [D] [thread 7540] Entry 0 added to table 'MyIngress.ipv4_lpm'
[17:20:47.894] [bmv2] [D] [thread 7540] Dumping entry 0
Match key:
* hdr.ipv4.dstAddr    : LPM       0a000101/32
Action entry: MyIngress.ipv4_forward - 80000000100,2,

[17:20:47.906] [bmv2] [D] [thread 7545] Entry 1 added to table 'MyIngress.ipv4_lpm'
[17:20:47.906] [bmv2] [D] [thread 7545] Dumping entry 1
Match key:
* hdr.ipv4.dstAddr    : LPM       0a000202/32
Action entry: MyIngress.ipv4_forward - 80000000100,2,

[17:20:47.908] [bmv2] [D] [thread 7540] Entry 2 added to table 'MyIngress.ipv4_lpm'
[17:20:47.908] [bmv2] [D] [thread 7540] Dumping entry 2
Match key:
* hdr.ipv4.dstAddr    : LPM       0a000303/32
Action entry: MyIngress.ipv4_forward - 80000000200,1,

[17:20:47.911] [bmv2] [D] [thread 7545] Entry 3 added to table 'MyIngress.ipv4_lpm'
[17:20:47.911] [bmv2] [D] [thread 7545] Dumping entry 3
Match key:
* hdr.ipv4.dstAddr    : LPM       0a000404/32
Action entry: MyIngress.ipv4_forward - 80000000200,1,

[17:20:49.156] [bmv2] [D] [thread 7486] [1.0] [cxt 0] Processing packet received on port 2
[17:20:49.156] [bmv2] [D] [thread 7486] [1.0] [cxt 0] Parser 'parser': start
[17:20:49.156] [bmv2] [D] [thread 7486] [1.0] [cxt 0] Parser 'parser' entering state 'start'
[17:20:49.156] [bmv2] [D] [thread 7486] [1.0] [cxt 0] Extracting header 'ethernet'
[17:20:49.156] [bmv2] [D] [thread 7486] [1.0] [cxt 0] Parser state 'start': key is 86dd
[17:20:49.156] [bmv2] [T] [thread 7486] [1.0] [cxt 0] Bytes parsed: 14
[17:20:49.156] [bmv2] [D] [thread 7486] [1.0] [cxt 0] Parser 'parser': end
[17:20:49.156] [bmv2] [D] [thread 7486] [1.0] [cxt 0] Pipeline 'ingress': start
[17:20:49.156] [bmv2] [T] [thread 7486] [1.0] [cxt 0] basic.p4(476) Condition "hdr.ipv4.isValid()" (node_2) is false
[17:20:49.156] [bmv2] [D] [thread 7486] [1.0] [cxt 0] Pipeline 'ingress': end
[17:20:49.156] [bmv2] [D] [thread 7486] [1.0] [cxt 0] Egress port is 0
[17:20:49.156] [bmv2] [D] [thread 7487] [1.0] [cxt 0] Pipeline 'egress': start
[17:20:49.156] [bmv2] [D] [thread 7487] [1.0] [cxt 0] Pipeline 'egress': end
[17:20:49.156] [bmv2] [D] [thread 7487] [1.0] [cxt 0] Deparser 'deparser': start
[17:20:49.156] [bmv2] [T] [thread 7487] [1.0] [cxt 0] Skipping checksum 'cksum' update because condition not met
[17:20:49.156] [bmv2] [D] [thread 7487] [1.0] [cxt 0] Deparsing header 'ethernet'
[17:20:49.156] [bmv2] [D] [thread 7487] [1.0] [cxt 0] Deparser 'deparser': end
[17:20:49.156] [bmv2] [D] [thread 7491] [1.0] [cxt 0] Transmitting packet of size 70 out of port 0
[17:20:49.412] [bmv2] [D] [thread 7486] [2.0] [cxt 0] Processing packet received on port 1
[17:20:49.412] [bmv2] [D] [thread 7486] [2.0] [cxt 0] Parser 'parser': start
[17:20:49.412] [bmv2] [D] [thread 7486] [2.0] [cxt 0] Parser 'parser' entering state 'start'
[17:20:49.412] [bmv2] [D] [thread 7486] [2.0] [cxt 0] Extracting header 'ethernet'
[17:20:49.412] [bmv2] [D] [thread 7486] [2.0] [cxt 0] Parser state 'start': key is 86dd
[17:20:49.412] [bmv2] [T] [thread 7486] [2.0] [cxt 0] Bytes parsed: 14
[17:20:49.412] [bmv2] [D] [thread 7486] [2.0] [cxt 0] Parser 'parser': end
[17:20:49.412] [bmv2] [D] [thread 7486] [2.0] [cxt 0] Pipeline 'ingress': start
[17:20:49.412] [bmv2] [T] [thread 7486] [2.0] [cxt 0] basic.p4(476) Condition "hdr.ipv4.isValid()" (node_2) is false
[17:20:49.412] [bmv2] [D] [thread 7486] [2.0] [cxt 0] Pipeline 'ingress': end
[17:20:49.412] [bmv2] [D] [thread 7486] [2.0] [cxt 0] Egress port is 0
[17:20:49.412] [bmv2] [D] [thread 7487] [2.0] [cxt 0] Pipeline 'egress': start
[17:20:49.412] [bmv2] [D] [thread 7487] [2.0] [cxt 0] Pipeline 'egress': end
[17:20:49.412] [bmv2] [D] [thread 7487] [2.0] [cxt 0] Deparser 'deparser': start
[17:20:49.412] [bmv2] [T] [thread 7487] [2.0] [cxt 0] Skipping checksum 'cksum' update because condition not met
[17:20:49.412] [bmv2] [D] [thread 7487] [2.0] [cxt 0] Deparsing header 'ethernet'
[17:20:49.412] [bmv2] [D] [thread 7487] [2.0] [cxt 0] Deparser 'deparser': end
[17:20:49.412] [bmv2] [D] [thread 7491] [2.0] [cxt 0] Transmitting packet of size 70 out of port 0
[17:20:49.668] [bmv2] [D] [thread 7486] [3.0] [cxt 0] Processing packet received on port 2
[17:20:49.668] [bmv2] [D] [thread 7486] [3.0] [cxt 0] Parser 'parser': start
[17:20:49.668] [bmv2] [D] [thread 7486] [3.0] [cxt 0] Parser 'parser' entering state 'start'
[17:20:49.668] [bmv2] [D] [thread 7486] [3.0] [cxt 0] Extracting header 'ethernet'
[17:20:49.668] [bmv2] [D] [thread 7486] [3.0] [cxt 0] Parser state 'start': key is 86dd
[17:20:49.668] [bmv2] [T] [thread 7486] [3.0] [cxt 0] Bytes parsed: 14
[17:20:49.668] [bmv2] [D] [thread 7486] [3.0] [cxt 0] Parser 'parser': end
[17:20:49.668] [bmv2] [D] [thread 7486] [3.0] [cxt 0] Pipeline 'ingress': start
[17:20:49.668] [bmv2] [T] [thread 7486] [3.0] [cxt 0] basic.p4(476) Condition "hdr.ipv4.isValid()" (node_2) is false
[17:20:49.668] [bmv2] [D] [thread 7486] [3.0] [cxt 0] Pipeline 'ingress': end
[17:20:49.668] [bmv2] [D] [thread 7486] [3.0] [cxt 0] Egress port is 0
[17:20:49.668] [bmv2] [D] [thread 7487] [3.0] [cxt 0] Pipeline 'egress': start
[17:20:49.668] [bmv2] [D] [thread 7487] [3.0] [cxt 0] Pipeline 'egress': end
[17:20:49.668] [bmv2] [D] [thread 7487] [3.0] [cxt 0] Deparser 'deparser': start
[17:20:49.668] [bmv2] [T] [thread 7487] [3.0] [cxt 0] Skipping checksum 'cksum' update because condition not met
[17:20:49.668] [bmv2] [D] [thread 7487] [3.0] [cxt 0] Deparsing header 'ethernet'
[17:20:49.668] [bmv2] [D] [thread 7487] [3.0] [cxt 0] Deparser 'deparser': end
[17:20:49.668] [bmv2] [D] [thread 7491] [3.0] [cxt 0] Transmitting packet of size 70 out of port 0
[17:20:50.180] [bmv2] [D] [thread 7486] [4.0] [cxt 0] Processing packet received on port 1
[17:20:50.180] [bmv2] [D] [thread 7486] [4.0] [cxt 0] Parser 'parser': start
[17:20:50.180] [bmv2] [D] [thread 7486] [4.0] [cxt 0] Parser 'parser' entering state 'start'
[17:20:50.180] [bmv2] [D] [thread 7486] [4.0] [cxt 0] Extracting header 'ethernet'
[17:20:50.180] [bmv2] [D] [thread 7486] [4.0] [cxt 0] Parser state 'start': key is 86dd
[17:20:50.180] [bmv2] [T] [thread 7486] [4.0] [cxt 0] Bytes parsed: 14
[17:20:50.180] [bmv2] [D] [thread 7486] [4.0] [cxt 0] Parser 'parser': end
[17:20:50.180] [bmv2] [D] [thread 7486] [4.0] [cxt 0] Pipeline 'ingress': start
[17:20:50.180] [bmv2] [T] [thread 7486] [4.0] [cxt 0] basic.p4(476) Condition "hdr.ipv4.isValid()" (node_2) is false
[17:20:50.180] [bmv2] [D] [thread 7486] [4.0] [cxt 0] Pipeline 'ingress': end
[17:20:50.180] [bmv2] [D] [thread 7486] [4.0] [cxt 0] Egress port is 0
[17:20:50.180] [bmv2] [D] [thread 7487] [4.0] [cxt 0] Pipeline 'egress': start
[17:20:50.180] [bmv2] [D] [thread 7487] [4.0] [cxt 0] Pipeline 'egress': end
[17:20:50.180] [bmv2] [D] [thread 7487] [4.0] [cxt 0] Deparser 'deparser': start
[17:20:50.180] [bmv2] [T] [thread 7487] [4.0] [cxt 0] Skipping checksum 'cksum' update because condition not met
[17:20:50.180] [bmv2] [D] [thread 7487] [4.0] [cxt 0] Deparsing header 'ethernet'
[17:20:50.180] [bmv2] [D] [thread 7487] [4.0] [cxt 0] Deparser 'deparser': end
[17:20:50.180] [bmv2] [D] [thread 7491] [4.0] [cxt 0] Transmitting packet of size 70 out of port 0
[17:20:56.837] [bmv2] [D] [thread 7486] [5.0] [cxt 0] Processing packet received on port 2
[17:20:56.837] [bmv2] [D] [thread 7486] [5.0] [cxt 0] Parser 'parser': start
[17:20:56.837] [bmv2] [D] [thread 7486] [5.0] [cxt 0] Parser 'parser' entering state 'start'
[17:20:56.837] [bmv2] [D] [thread 7486] [5.0] [cxt 0] Extracting header 'ethernet'
[17:20:56.837] [bmv2] [D] [thread 7486] [5.0] [cxt 0] Parser state 'start': key is 86dd
[17:20:56.837] [bmv2] [T] [thread 7486] [5.0] [cxt 0] Bytes parsed: 14
[17:20:56.837] [bmv2] [D] [thread 7486] [5.0] [cxt 0] Parser 'parser': end
[17:20:56.837] [bmv2] [D] [thread 7486] [5.0] [cxt 0] Pipeline 'ingress': start
[17:20:56.837] [bmv2] [T] [thread 7486] [5.0] [cxt 0] basic.p4(476) Condition "hdr.ipv4.isValid()" (node_2) is false
[17:20:56.837] [bmv2] [D] [thread 7486] [5.0] [cxt 0] Pipeline 'ingress': end
[17:20:56.837] [bmv2] [D] [thread 7486] [5.0] [cxt 0] Egress port is 0
[17:20:56.837] [bmv2] [D] [thread 7487] [5.0] [cxt 0] Pipeline 'egress': start
[17:20:56.837] [bmv2] [D] [thread 7487] [5.0] [cxt 0] Pipeline 'egress': end
[17:20:56.837] [bmv2] [D] [thread 7487] [5.0] [cxt 0] Deparser 'deparser': start
[17:20:56.837] [bmv2] [T] [thread 7487] [5.0] [cxt 0] Skipping checksum 'cksum' update because condition not met
[17:20:56.837] [bmv2] [D] [thread 7487] [5.0] [cxt 0] Deparsing header 'ethernet'
[17:20:56.837] [bmv2] [D] [thread 7487] [5.0] [cxt 0] Deparser 'deparser': end
[17:20:56.837] [bmv2] [D] [thread 7491] [5.0] [cxt 0] Transmitting packet of size 70 out of port 0
[17:20:57.604] [bmv2] [D] [thread 7486] [6.0] [cxt 0] Processing packet received on port 1
[17:20:57.604] [bmv2] [D] [thread 7486] [6.0] [cxt 0] Parser 'parser': start
[17:20:57.604] [bmv2] [D] [thread 7486] [6.0] [cxt 0] Parser 'parser' entering state 'start'
[17:20:57.604] [bmv2] [D] [thread 7486] [6.0] [cxt 0] Extracting header 'ethernet'
[17:20:57.604] [bmv2] [D] [thread 7486] [6.0] [cxt 0] Parser state 'start': key is 86dd
[17:20:57.604] [bmv2] [T] [thread 7486] [6.0] [cxt 0] Bytes parsed: 14
[17:20:57.604] [bmv2] [D] [thread 7486] [6.0] [cxt 0] Parser 'parser': end
[17:20:57.604] [bmv2] [D] [thread 7486] [6.0] [cxt 0] Pipeline 'ingress': start
[17:20:57.604] [bmv2] [T] [thread 7486] [6.0] [cxt 0] basic.p4(476) Condition "hdr.ipv4.isValid()" (node_2) is false
[17:20:57.604] [bmv2] [D] [thread 7486] [6.0] [cxt 0] Pipeline 'ingress': end
[17:20:57.604] [bmv2] [D] [thread 7486] [6.0] [cxt 0] Egress port is 0
[17:20:57.604] [bmv2] [D] [thread 7487] [6.0] [cxt 0] Pipeline 'egress': start
[17:20:57.604] [bmv2] [D] [thread 7487] [6.0] [cxt 0] Pipeline 'egress': end
[17:20:57.604] [bmv2] [D] [thread 7487] [6.0] [cxt 0] Deparser 'deparser': start
[17:20:57.604] [bmv2] [T] [thread 7487] [6.0] [cxt 0] Skipping checksum 'cksum' update because condition not met
[17:20:57.604] [bmv2] [D] [thread 7487] [6.0] [cxt 0] Deparsing header 'ethernet'
[17:20:57.604] [bmv2] [D] [thread 7487] [6.0] [cxt 0] Deparser 'deparser': end
[17:20:57.604] [bmv2] [D] [thread 7491] [6.0] [cxt 0] Transmitting packet of size 70 out of port 0
[17:20:58.371] [bmv2] [D] [thread 7486] [7.0] [cxt 0] Processing packet received on port 2
[17:20:58.371] [bmv2] [D] [thread 7486] [7.0] [cxt 0] Parser 'parser': start
[17:20:58.371] [bmv2] [D] [thread 7486] [7.0] [cxt 0] Parser 'parser' entering state 'start'
[17:20:58.371] [bmv2] [D] [thread 7486] [7.0] [cxt 0] Extracting header 'ethernet'
[17:20:58.371] [bmv2] [D] [thread 7486] [7.0] [cxt 0] Parser state 'start': key is 86dd
[17:20:58.371] [bmv2] [T] [thread 7486] [7.0] [cxt 0] Bytes parsed: 14
[17:20:58.371] [bmv2] [D] [thread 7486] [7.0] [cxt 0] Parser 'parser': end
[17:20:58.371] [bmv2] [D] [thread 7486] [7.0] [cxt 0] Pipeline 'ingress': start
[17:20:58.371] [bmv2] [T] [thread 7486] [7.0] [cxt 0] basic.p4(476) Condition "hdr.ipv4.isValid()" (node_2) is false
[17:20:58.371] [bmv2] [D] [thread 7486] [7.0] [cxt 0] Pipeline 'ingress': end
[17:20:58.371] [bmv2] [D] [thread 7486] [7.0] [cxt 0] Egress port is 0
[17:20:58.371] [bmv2] [D] [thread 7487] [7.0] [cxt 0] Pipeline 'egress': start
[17:20:58.371] [bmv2] [D] [thread 7487] [7.0] [cxt 0] Pipeline 'egress': end
[17:20:58.371] [bmv2] [D] [thread 7487] [7.0] [cxt 0] Deparser 'deparser': start
[17:20:58.371] [bmv2] [T] [thread 7487] [7.0] [cxt 0] Skipping checksum 'cksum' update because condition not met
[17:20:58.371] [bmv2] [D] [thread 7487] [7.0] [cxt 0] Deparsing header 'ethernet'
[17:20:58.371] [bmv2] [D] [thread 7487] [7.0] [cxt 0] Deparser 'deparser': end
[17:20:58.371] [bmv2] [D] [thread 7491] [7.0] [cxt 0] Transmitting packet of size 70 out of port 0
[17:20:58.628] [bmv2] [D] [thread 7486] [8.0] [cxt 0] Processing packet received on port 1
[17:20:58.628] [bmv2] [D] [thread 7486] [8.0] [cxt 0] Parser 'parser': start
[17:20:58.628] [bmv2] [D] [thread 7486] [8.0] [cxt 0] Parser 'parser' entering state 'start'
[17:20:58.628] [bmv2] [D] [thread 7486] [8.0] [cxt 0] Extracting header 'ethernet'
[17:20:58.628] [bmv2] [D] [thread 7486] [8.0] [cxt 0] Parser state 'start': key is 86dd
[17:20:58.628] [bmv2] [T] [thread 7486] [8.0] [cxt 0] Bytes parsed: 14
[17:20:58.628] [bmv2] [D] [thread 7486] [8.0] [cxt 0] Parser 'parser': end
[17:20:58.628] [bmv2] [D] [thread 7486] [8.0] [cxt 0] Pipeline 'ingress': start
[17:20:58.628] [bmv2] [T] [thread 7486] [8.0] [cxt 0] basic.p4(476) Condition "hdr.ipv4.isValid()" (node_2) is false
[17:20:58.628] [bmv2] [D] [thread 7486] [8.0] [cxt 0] Pipeline 'ingress': end
[17:20:58.628] [bmv2] [D] [thread 7486] [8.0] [cxt 0] Egress port is 0
[17:20:58.628] [bmv2] [D] [thread 7487] [8.0] [cxt 0] Pipeline 'egress': start
[17:20:58.628] [bmv2] [D] [thread 7487] [8.0] [cxt 0] Pipeline 'egress': end
[17:20:58.628] [bmv2] [D] [thread 7487] [8.0] [cxt 0] Deparser 'deparser': start
[17:20:58.628] [bmv2] [T] [thread 7487] [8.0] [cxt 0] Skipping checksum 'cksum' update because condition not met
[17:20:58.628] [bmv2] [D] [thread 7487] [8.0] [cxt 0] Deparsing header 'ethernet'
[17:20:58.628] [bmv2] [D] [thread 7487] [8.0] [cxt 0] Deparser 'deparser': end
[17:20:58.628] [bmv2] [D] [thread 7491] [8.0] [cxt 0] Transmitting packet of size 70 out of port 0
[17:21:11.685] [bmv2] [D] [thread 7486] [9.0] [cxt 0] Processing packet received on port 2
[17:21:11.685] [bmv2] [D] [thread 7486] [9.0] [cxt 0] Parser 'parser': start
[17:21:11.685] [bmv2] [D] [thread 7486] [9.0] [cxt 0] Parser 'parser' entering state 'start'
[17:21:11.685] [bmv2] [D] [thread 7486] [9.0] [cxt 0] Extracting header 'ethernet'
[17:21:11.685] [bmv2] [D] [thread 7486] [9.0] [cxt 0] Parser state 'start': key is 86dd
[17:21:11.685] [bmv2] [T] [thread 7486] [9.0] [cxt 0] Bytes parsed: 14
[17:21:11.685] [bmv2] [D] [thread 7486] [9.0] [cxt 0] Parser 'parser': end
[17:21:11.685] [bmv2] [D] [thread 7486] [9.0] [cxt 0] Pipeline 'ingress': start
[17:21:11.685] [bmv2] [T] [thread 7486] [9.0] [cxt 0] basic.p4(476) Condition "hdr.ipv4.isValid()" (node_2) is false
[17:21:11.685] [bmv2] [D] [thread 7486] [9.0] [cxt 0] Pipeline 'ingress': end
[17:21:11.685] [bmv2] [D] [thread 7486] [9.0] [cxt 0] Egress port is 0
[17:21:11.685] [bmv2] [D] [thread 7487] [9.0] [cxt 0] Pipeline 'egress': start
[17:21:11.685] [bmv2] [D] [thread 7487] [9.0] [cxt 0] Pipeline 'egress': end
[17:21:11.685] [bmv2] [D] [thread 7487] [9.0] [cxt 0] Deparser 'deparser': start
[17:21:11.685] [bmv2] [T] [thread 7487] [9.0] [cxt 0] Skipping checksum 'cksum' update because condition not met
[17:21:11.685] [bmv2] [D] [thread 7487] [9.0] [cxt 0] Deparsing header 'ethernet'
[17:21:11.685] [bmv2] [D] [thread 7487] [9.0] [cxt 0] Deparser 'deparser': end
[17:21:11.685] [bmv2] [D] [thread 7491] [9.0] [cxt 0] Transmitting packet of size 70 out of port 0
[17:21:14.756] [bmv2] [D] [thread 7486] [10.0] [cxt 0] Processing packet received on port 1
[17:21:14.756] [bmv2] [D] [thread 7486] [10.0] [cxt 0] Parser 'parser': start
[17:21:14.756] [bmv2] [D] [thread 7486] [10.0] [cxt 0] Parser 'parser' entering state 'start'
[17:21:14.756] [bmv2] [D] [thread 7486] [10.0] [cxt 0] Extracting header 'ethernet'
[17:21:14.756] [bmv2] [D] [thread 7486] [10.0] [cxt 0] Parser state 'start': key is 86dd
[17:21:14.756] [bmv2] [T] [thread 7486] [10.0] [cxt 0] Bytes parsed: 14
[17:21:14.756] [bmv2] [D] [thread 7486] [10.0] [cxt 0] Parser 'parser': end
[17:21:14.756] [bmv2] [D] [thread 7486] [10.0] [cxt 0] Pipeline 'ingress': start
[17:21:14.756] [bmv2] [T] [thread 7486] [10.0] [cxt 0] basic.p4(476) Condition "hdr.ipv4.isValid()" (node_2) is false
[17:21:14.756] [bmv2] [D] [thread 7486] [10.0] [cxt 0] Pipeline 'ingress': end
[17:21:14.756] [bmv2] [D] [thread 7486] [10.0] [cxt 0] Egress port is 0
[17:21:14.757] [bmv2] [D] [thread 7487] [10.0] [cxt 0] Pipeline 'egress': start
[17:21:14.757] [bmv2] [D] [thread 7487] [10.0] [cxt 0] Pipeline 'egress': end
[17:21:14.757] [bmv2] [D] [thread 7487] [10.0] [cxt 0] Deparser 'deparser': start
[17:21:14.757] [bmv2] [T] [thread 7487] [10.0] [cxt 0] Skipping checksum 'cksum' update because condition not met
[17:21:14.757] [bmv2] [D] [thread 7487] [10.0] [cxt 0] Deparsing header 'ethernet'
[17:21:14.757] [bmv2] [D] [thread 7487] [10.0] [cxt 0] Deparser 'deparser': end
[17:21:14.757] [bmv2] [D] [thread 7491] [10.0] [cxt 0] Transmitting packet of size 70 out of port 0
[17:21:15.268] [bmv2] [D] [thread 7486] [11.0] [cxt 0] Processing packet received on port 1
[17:21:15.268] [bmv2] [D] [thread 7486] [11.0] [cxt 0] Parser 'parser': start
[17:21:15.268] [bmv2] [D] [thread 7486] [11.0] [cxt 0] Parser 'parser' entering state 'start'
[17:21:15.268] [bmv2] [D] [thread 7486] [11.0] [cxt 0] Extracting header 'ethernet'
[17:21:15.268] [bmv2] [D] [thread 7486] [11.0] [cxt 0] Parser state 'start': key is 86dd
[17:21:15.268] [bmv2] [T] [thread 7486] [11.0] [cxt 0] Bytes parsed: 14
[17:21:15.268] [bmv2] [D] [thread 7486] [11.0] [cxt 0] Parser 'parser': end
[17:21:15.268] [bmv2] [D] [thread 7486] [11.0] [cxt 0] Pipeline 'ingress': start
[17:21:15.268] [bmv2] [T] [thread 7486] [11.0] [cxt 0] basic.p4(476) Condition "hdr.ipv4.isValid()" (node_2) is false
[17:21:15.268] [bmv2] [D] [thread 7486] [11.0] [cxt 0] Pipeline 'ingress': end
[17:21:15.268] [bmv2] [D] [thread 7486] [11.0] [cxt 0] Egress port is 0
[17:21:15.268] [bmv2] [D] [thread 7487] [11.0] [cxt 0] Pipeline 'egress': start
[17:21:15.268] [bmv2] [D] [thread 7487] [11.0] [cxt 0] Pipeline 'egress': end
[17:21:15.268] [bmv2] [D] [thread 7487] [11.0] [cxt 0] Deparser 'deparser': start
[17:21:15.268] [bmv2] [T] [thread 7487] [11.0] [cxt 0] Skipping checksum 'cksum' update because condition not met
[17:21:15.268] [bmv2] [D] [thread 7487] [11.0] [cxt 0] Deparsing header 'ethernet'
[17:21:15.268] [bmv2] [D] [thread 7487] [11.0] [cxt 0] Deparser 'deparser': end
[17:21:15.268] [bmv2] [D] [thread 7491] [11.0] [cxt 0] Transmitting packet of size 70 out of port 0
[17:21:17.329] [bmv2] [D] [thread 7486] [12.0] [cxt 0] Processing packet received on port 2
[17:21:17.329] [bmv2] [D] [thread 7486] [12.0] [cxt 0] Parser 'parser': start
[17:21:17.329] [bmv2] [D] [thread 7486] [12.0] [cxt 0] Parser 'parser' entering state 'start'
[17:21:17.329] [bmv2] [D] [thread 7486] [12.0] [cxt 0] Extracting header 'ethernet'
[17:21:17.329] [bmv2] [D] [thread 7486] [12.0] [cxt 0] Parser state 'start': key is 86dd
[17:21:17.329] [bmv2] [T] [thread 7486] [12.0] [cxt 0] Bytes parsed: 14
[17:21:17.329] [bmv2] [D] [thread 7486] [12.0] [cxt 0] Parser 'parser': end
[17:21:17.329] [bmv2] [D] [thread 7486] [12.0] [cxt 0] Pipeline 'ingress': start
[17:21:17.329] [bmv2] [T] [thread 7486] [12.0] [cxt 0] basic.p4(476) Condition "hdr.ipv4.isValid()" (node_2) is false
[17:21:17.329] [bmv2] [D] [thread 7486] [12.0] [cxt 0] Pipeline 'ingress': end
[17:21:17.329] [bmv2] [D] [thread 7486] [12.0] [cxt 0] Egress port is 0
[17:21:17.330] [bmv2] [D] [thread 7487] [12.0] [cxt 0] Pipeline 'egress': start
[17:21:17.330] [bmv2] [D] [thread 7487] [12.0] [cxt 0] Pipeline 'egress': end
[17:21:17.330] [bmv2] [D] [thread 7487] [12.0] [cxt 0] Deparser 'deparser': start
[17:21:17.330] [bmv2] [T] [thread 7487] [12.0] [cxt 0] Skipping checksum 'cksum' update because condition not met
[17:21:17.330] [bmv2] [D] [thread 7487] [12.0] [cxt 0] Deparsing header 'ethernet'
[17:21:17.330] [bmv2] [D] [thread 7487] [12.0] [cxt 0] Deparser 'deparser': end
[17:21:17.331] [bmv2] [D] [thread 7491] [12.0] [cxt 0] Transmitting packet of size 70 out of port 0
open: No such file or directory
open: No such file or directory
open: No such file or directory
open: No such file or directory
